 USING C API: only default functionalities supported 
OpenLibraryHandle: /opt/tritonserver/lib/libtritonserver.so
I0513 20:41:39.473919 201177 metrics.cc:228] Collecting metrics for GPU 0: NVIDIA TITAN V
I0513 20:41:39.675496 201177 libtorch.cc:932] TRITONBACKEND_Initialize: pytorch
I0513 20:41:39.675526 201177 libtorch.cc:942] Triton TRITONBACKEND API version: 1.0
I0513 20:41:39.675531 201177 libtorch.cc:948] 'pytorch' TRITONBACKEND API version: 1.0
2021-05-13 20:41:39.736057: I tensorflow/stream_executor/platform/default/dso_loader.cc:49] Successfully opened dynamic library libcudart.so.11.0
I0513 20:41:39.769231 201177 tensorflow.cc:2165] TRITONBACKEND_Initialize: tensorflow
I0513 20:41:39.769260 201177 tensorflow.cc:2175] Triton TRITONBACKEND API version: 1.0
I0513 20:41:39.769266 201177 tensorflow.cc:2181] 'tensorflow' TRITONBACKEND API version: 1.0
I0513 20:41:39.769270 201177 tensorflow.cc:2205] backend configuration:
{}
I0513 20:41:39.770768 201177 onnxruntime.cc:1828] TRITONBACKEND_Initialize: onnxruntime
I0513 20:41:39.770785 201177 onnxruntime.cc:1838] Triton TRITONBACKEND API version: 1.0
I0513 20:41:39.770790 201177 onnxruntime.cc:1844] 'onnxruntime' TRITONBACKEND API version: 1.0
I0513 20:41:39.782880 201177 openvino.cc:1168] TRITONBACKEND_Initialize: openvino
I0513 20:41:39.782894 201177 openvino.cc:1178] Triton TRITONBACKEND API version: 1.0
I0513 20:41:39.782900 201177 openvino.cc:1184] 'openvino' TRITONBACKEND API version: 1.0
I0513 20:41:39.967665 201177 pinned_memory_manager.cc:206] Pinned memory pool is created at '0x7f7c1e000000' with size 268435456
I0513 20:41:39.967927 201177 cuda_memory_manager.cc:103] CUDA memory pool is created on device 0 with size 67108864
I0513 20:41:39.972459 201177 model_repository_manager.cc:1043] loading: graphdef_nobatch_int32_int32_int32:1
I0513 20:41:40.072697 201177 model_repository_manager.cc:1043] loading: graphdef_nobatch_int32_int32_int32:2
I0513 20:41:40.073215 201177 tensorflow.cc:2265] TRITONBACKEND_ModelInitialize: graphdef_nobatch_int32_int32_int32 (version 1)
I0513 20:41:40.074970 201177 tensorflow.cc:2314] TRITONBACKEND_ModelInstanceInitialize: graphdef_nobatch_int32_int32_int32 (GPU device 0)
2021-05-13 20:41:40.078820: I tensorflow/stream_executor/platform/default/dso_loader.cc:49] Successfully opened dynamic library libcuda.so.1
2021-05-13 20:41:40.080375: I tensorflow/core/common_runtime/gpu/gpu_device.cc:1666] Found device 0 with properties: 
name: NVIDIA TITAN V major: 7 minor: 0 memoryClockRate(GHz): 1.455
pciBusID: 0000:01:00.0
2021-05-13 20:41:40.080416: I tensorflow/stream_executor/platform/default/dso_loader.cc:49] Successfully opened dynamic library libcudart.so.11.0
2021-05-13 20:41:40.080476: I tensorflow/stream_executor/platform/default/dso_loader.cc:49] Successfully opened dynamic library libcublas.so.11
2021-05-13 20:41:40.080539: I tensorflow/stream_executor/platform/default/dso_loader.cc:49] Successfully opened dynamic library libcufft.so.10
2021-05-13 20:41:40.080584: I tensorflow/stream_executor/platform/default/dso_loader.cc:49] Successfully opened dynamic library libcurand.so.10
2021-05-13 20:41:40.080645: I tensorflow/stream_executor/platform/default/dso_loader.cc:49] Successfully opened dynamic library libcusolver.so.11
2021-05-13 20:41:40.080687: I tensorflow/stream_executor/platform/default/dso_loader.cc:49] Successfully opened dynamic library libcusparse.so.11
2021-05-13 20:41:40.080726: I tensorflow/stream_executor/platform/default/dso_loader.cc:49] Successfully opened dynamic library libcudnn.so.8
2021-05-13 20:41:40.083534: I tensorflow/core/common_runtime/gpu/gpu_device.cc:1794] Adding visible gpu devices: 0
I0513 20:41:40.172985 201177 model_repository_manager.cc:1043] loading: graphdef_nobatch_int32_int32_int32:3
I0513 20:41:40.173497 201177 tensorflow.cc:2265] TRITONBACKEND_ModelInitialize: graphdef_nobatch_int32_int32_int32 (version 2)
I0513 20:41:40.174484 201177 tensorflow.cc:2314] TRITONBACKEND_ModelInstanceInitialize: graphdef_nobatch_int32_int32_int32 (GPU device 0)
I0513 20:41:40.273417 201177 model_repository_manager.cc:1043] loading: graphdef_int32_int32_int32:1
I0513 20:41:40.273860 201177 tensorflow.cc:2265] TRITONBACKEND_ModelInitialize: graphdef_nobatch_int32_int32_int32 (version 3)
I0513 20:41:40.274913 201177 tensorflow.cc:2314] TRITONBACKEND_ModelInstanceInitialize: graphdef_nobatch_int32_int32_int32 (GPU device 0)
I0513 20:41:40.373742 201177 model_repository_manager.cc:1043] loading: graphdef_int32_int32_int32:2
I0513 20:41:40.374339 201177 tensorflow.cc:2265] TRITONBACKEND_ModelInitialize: graphdef_int32_int32_int32 (version 1)
I0513 20:41:40.375320 201177 tensorflow.cc:2314] TRITONBACKEND_ModelInstanceInitialize: graphdef_int32_int32_int32 (GPU device 0)
I0513 20:41:40.474027 201177 model_repository_manager.cc:1043] loading: graphdef_int32_int32_int32:3
I0513 20:41:40.474583 201177 tensorflow.cc:2265] TRITONBACKEND_ModelInitialize: graphdef_int32_int32_int32 (version 2)
I0513 20:41:40.475538 201177 tensorflow.cc:2314] TRITONBACKEND_ModelInstanceInitialize: graphdef_int32_int32_int32 (GPU device 0)
I0513 20:41:40.574419 201177 model_repository_manager.cc:1043] loading: graphdef_int32_int32_float32:1
I0513 20:41:40.574871 201177 tensorflow.cc:2265] TRITONBACKEND_ModelInitialize: graphdef_int32_int32_int32 (version 3)
I0513 20:41:40.575836 201177 tensorflow.cc:2314] TRITONBACKEND_ModelInstanceInitialize: graphdef_int32_int32_int32 (GPU device 0)
I0513 20:41:40.674809 201177 model_repository_manager.cc:1043] loading: graphdef_nobatch_object_object_object:1
I0513 20:41:40.675258 201177 tensorflow.cc:2265] TRITONBACKEND_ModelInitialize: graphdef_int32_int32_float32 (version 1)
I0513 20:41:40.676233 201177 tensorflow.cc:2314] TRITONBACKEND_ModelInstanceInitialize: graphdef_int32_int32_float32 (GPU device 0)
I0513 20:41:40.775189 201177 model_repository_manager.cc:1043] loading: graphdef_object_int32_int32:1
I0513 20:41:40.775628 201177 tensorflow.cc:2265] TRITONBACKEND_ModelInitialize: graphdef_nobatch_object_object_object (version 1)
I0513 20:41:40.776591 201177 tensorflow.cc:2314] TRITONBACKEND_ModelInstanceInitialize: graphdef_nobatch_object_object_object (GPU device 0)
I0513 20:41:40.875578 201177 model_repository_manager.cc:1043] loading: graphdef_object_object_object:1
I0513 20:41:40.876024 201177 tensorflow.cc:2265] TRITONBACKEND_ModelInitialize: graphdef_object_int32_int32 (version 1)
I0513 20:41:40.877016 201177 tensorflow.cc:2314] TRITONBACKEND_ModelInstanceInitialize: graphdef_object_int32_int32 (GPU device 0)
I0513 20:41:40.976002 201177 model_repository_manager.cc:1043] loading: graphdef_sequence_float32:1
I0513 20:41:40.976462 201177 tensorflow.cc:2265] TRITONBACKEND_ModelInitialize: graphdef_object_object_object (version 1)
I0513 20:41:40.977437 201177 tensorflow.cc:2314] TRITONBACKEND_ModelInstanceInitialize: graphdef_object_object_object (GPU device 0)
I0513 20:41:41.076410 201177 model_repository_manager.cc:1043] loading: inception_v1_graphdef:1
I0513 20:41:41.076816 201177 tensorflow.cc:2265] TRITONBACKEND_ModelInitialize: graphdef_sequence_float32 (version 1)
I0513 20:41:41.077934 201177 tensorflow.cc:2314] TRITONBACKEND_ModelInstanceInitialize: graphdef_sequence_float32_0 (GPU device 0)
I0513 20:41:41.176815 201177 model_repository_manager.cc:1043] loading: nop_TYPE_FP32_-1:1
I0513 20:41:41.177447 201177 tensorflow.cc:2265] TRITONBACKEND_ModelInitialize: inception_v1_graphdef (version 1)
I0513 20:41:41.178411 201177 tensorflow.cc:2314] TRITONBACKEND_ModelInstanceInitialize: inception_v1_graphdef (GPU device 0)
I0513 20:41:41.277208 201177 model_repository_manager.cc:1043] loading: plan_zero_1_float32:1
I0513 20:41:41.278087 201177 identity.cc:348] TRITONBACKEND_Initialize: identity
I0513 20:41:41.278129 201177 identity.cc:358] Triton TRITONBACKEND API version: 1.0
I0513 20:41:41.278175 201177 identity.cc:364] 'identity' TRITONBACKEND API version: 1.0
I0513 20:41:41.278190 201177 identity.cc:389] backend configuration:
{}
I0513 20:41:41.278562 201177 identity.cc:436] TRITONBACKEND_ModelInitialize: nop_TYPE_FP32_-1 (version 1)
I0513 20:41:41.278585 201177 identity.cc:451] Repository location: /workspace/qa/L0_perf_analyzer_capi/models/nop_TYPE_FP32_-1
I0513 20:41:41.278613 201177 identity.cc:464] backend state is 'backend state'
I0513 20:41:41.279390 201177 identity.cc:155] model configuration:
{
    "name": "nop_TYPE_FP32_-1",
    "platform": "",
    "backend": "identity",
    "version_policy": {
        "latest": {
            "num_versions": 1
        }
    },
    "max_batch_size": 1024,
    "input": [
        {
            "name": "INPUT0",
            "data_type": "TYPE_FP32",
            "format": "FORMAT_NONE",
            "dims": [
                -1
            ],
            "is_shape_tensor": false,
            "allow_ragged_batch": false
        },
        {
            "name": "INPUT1",
            "data_type": "TYPE_FP32",
            "format": "FORMAT_NONE",
            "dims": [
                -1
            ],
            "is_shape_tensor": false,
            "allow_ragged_batch": false
        }
    ],
    "output": [
        {
            "name": "OUTPUT0",
            "data_type": "TYPE_FP32",
            "dims": [
                -1
            ],
            "label_filename": "",
            "is_shape_tensor": false
        },
        {
            "name": "OUTPUT1",
            "data_type": "TYPE_FP32",
            "dims": [
                -1
            ],
            "label_filename": "",
            "is_shape_tensor": false
        }
    ],
    "batch_input": [],
    "batch_output": [],
    "optimization": {
        "priority": "PRIORITY_DEFAULT",
        "input_pinned_memory": {
            "enable": true
        },
        "output_pinned_memory": {
            "enable": true
        },
        "gather_kernel_buffer_threshold": 0,
        "eager_batching": false
    },
    "instance_group": [
        {
            "name": "nop_TYPE_FP32_-1_0",
            "kind": "KIND_CPU",
            "count": 1,
            "gpus": [],
            "profile": []
        }
    ],
    "default_model_filename": "",
    "cc_model_filenames": {},
    "metric_tags": {},
    "parameters": {},
    "model_warmup": []
}
I0513 20:41:41.279494 201177 identity.cc:519] TRITONBACKEND_ModelInstanceInitialize: nop_TYPE_FP32_-1_0 (CPU device 0)
I0513 20:41:41.279694 201177 model_repository_manager.cc:1210] successfully loaded 'nop_TYPE_FP32_-1' version 1
I0513 20:41:41.377618 201177 model_repository_manager.cc:1043] loading: resnet50v1.5_fp16_savedmodel:1
I0513 20:41:41.478007 201177 model_repository_manager.cc:1043] loading: savedmodel_sequence_object:1
I0513 20:41:41.478452 201177 tensorflow.cc:2265] TRITONBACKEND_ModelInitialize: resnet50v1.5_fp16_savedmodel (version 1)
I0513 20:41:41.479420 201177 tensorflow.cc:2314] TRITONBACKEND_ModelInstanceInitialize: resnet50v1.5_fp16_savedmodel (GPU device 0)
2021-05-13 20:41:41.546897: I tensorflow/cc/saved_model/reader.cc:31] Reading SavedModel from: /workspace/qa/L0_perf_analyzer_capi/models/resnet50v1.5_fp16_savedmodel/1/model.savedmodel
2021-05-13 20:41:41.564813: I tensorflow/cc/saved_model/reader.cc:54] Reading meta graph with tags { serve }
I0513 20:41:41.578801 201177 tensorflow.cc:2265] TRITONBACKEND_ModelInitialize: savedmodel_sequence_object (version 1)
I0513 20:41:41.579898 201177 tensorflow.cc:2314] TRITONBACKEND_ModelInstanceInitialize: savedmodel_sequence_object_0 (GPU device 0)
2021-05-13 20:41:41.637916: I tensorflow/cc/saved_model/reader.cc:31] Reading SavedModel from: /workspace/qa/L0_perf_analyzer_capi/models/savedmodel_sequence_object/1/model.savedmodel
2021-05-13 20:41:41.638294: I tensorflow/cc/saved_model/reader.cc:54] Reading meta graph with tags { serve }
2021-05-13 20:41:53.220163: I tensorflow/core/common_runtime/gpu/gpu_device.cc:1206] Device interconnect StreamExecutor with strength 1 edge matrix:
2021-05-13 20:41:53.220211: I tensorflow/core/common_runtime/gpu/gpu_device.cc:1212]      0 
2021-05-13 20:41:53.220218: I tensorflow/core/common_runtime/gpu/gpu_device.cc:1225] 0:   N 
2021-05-13 20:41:53.221754: I tensorflow/core/common_runtime/gpu/gpu_device.cc:1351] Created TensorFlow device (/job:localhost/replica:0/task:0/device:GPU:0 with 9598 MB memory) -> physical GPU (device: 0, name: NVIDIA TITAN V, pci bus id: 0000:01:00.0, compute capability: 7.0)
2021-05-13 20:41:53.249340: I tensorflow/compiler/xla/service/service.cc:168] XLA service 0x7f7a1988dbc0 initialized for platform CUDA (this does not guarantee that XLA will be used). Devices:
2021-05-13 20:41:53.249388: I tensorflow/compiler/xla/service/service.cc:176]   StreamExecutor device (0): NVIDIA TITAN V, Compute Capability 7.0
2021-05-13 20:41:53.270470: I tensorflow/core/platform/profile_utils/cpu_utils.cc:94] CPU Frequency: 3398350000 Hz
2021-05-13 20:41:53.271531: I tensorflow/compiler/xla/service/service.cc:168] XLA service 0x7f7a08fb6db0 initialized for platform Host (this does not guarantee that XLA will be used). Devices:
2021-05-13 20:41:53.271577: I tensorflow/compiler/xla/service/service.cc:176]   StreamExecutor device (0): Host, Default Version
2021-05-13 20:41:53.273594: I tensorflow/core/common_runtime/gpu/gpu_device.cc:1666] Found device 0 with properties: 
name: NVIDIA TITAN V major: 7 minor: 0 memoryClockRate(GHz): 1.455
pciBusID: 0000:01:00.0
2021-05-13 20:41:53.273658: I tensorflow/stream_executor/platform/default/dso_loader.cc:49] Successfully opened dynamic library libcudart.so.11.0
2021-05-13 20:41:53.273687: I tensorflow/stream_executor/platform/default/dso_loader.cc:49] Successfully opened dynamic library libcublas.so.11
2021-05-13 20:41:53.273727: I tensorflow/stream_executor/platform/default/dso_loader.cc:49] Successfully opened dynamic library libcufft.so.10
2021-05-13 20:41:53.273752: I tensorflow/stream_executor/platform/default/dso_loader.cc:49] Successfully opened dynamic library libcurand.so.10
2021-05-13 20:41:53.273775: I tensorflow/stream_executor/platform/default/dso_loader.cc:49] Successfully opened dynamic library libcusolver.so.11
2021-05-13 20:41:53.273798: I tensorflow/stream_executor/platform/default/dso_loader.cc:49] Successfully opened dynamic library libcusparse.so.11
2021-05-13 20:41:53.273817: I tensorflow/stream_executor/platform/default/dso_loader.cc:49] Successfully opened dynamic library libcudnn.so.8
2021-05-13 20:41:53.276775: I tensorflow/core/common_runtime/gpu/gpu_device.cc:1794] Adding visible gpu devices: 0
2021-05-13 20:41:53.276828: I tensorflow/core/common_runtime/gpu/gpu_device.cc:1206] Device interconnect StreamExecutor with strength 1 edge matrix:
2021-05-13 20:41:53.276847: I tensorflow/core/common_runtime/gpu/gpu_device.cc:1212]      0 
2021-05-13 20:41:53.276863: I tensorflow/core/common_runtime/gpu/gpu_device.cc:1225] 0:   N 
2021-05-13 20:41:53.279760: I tensorflow/core/common_runtime/gpu/gpu_device.cc:1351] Created TensorFlow device (/job:localhost/replica:0/task:0/device:GPU:0 with 9598 MB memory) -> physical GPU (device: 0, name: NVIDIA TITAN V, pci bus id: 0000:01:00.0, compute capability: 7.0)
2021-05-13 20:41:53.288737: I tensorflow/core/common_runtime/gpu/gpu_device.cc:1666] Found device 0 with properties: 
name: NVIDIA TITAN V major: 7 minor: 0 memoryClockRate(GHz): 1.455
pciBusID: 0000:01:00.0
2021-05-13 20:41:53.288813: I tensorflow/stream_executor/platform/default/dso_loader.cc:49] Successfully opened dynamic library libcudart.so.11.0
2021-05-13 20:41:53.288843: I tensorflow/stream_executor/platform/default/dso_loader.cc:49] Successfully opened dynamic library libcublas.so.11
2021-05-13 20:41:53.288881: I tensorflow/stream_executor/platform/default/dso_loader.cc:49] Successfully opened dynamic library libcufft.so.10
2021-05-13 20:41:53.288906: I tensorflow/stream_executor/platform/default/dso_loader.cc:49] Successfully opened dynamic library libcurand.so.10
2021-05-13 20:41:53.288929: I tensorflow/stream_executor/platform/default/dso_loader.cc:49] Successfully opened dynamic library libcusolver.so.11
2021-05-13 20:41:53.288951: I tensorflow/stream_executor/platform/default/dso_loader.cc:49] Successfully opened dynamic library libcusparse.so.11
2021-05-13 20:41:53.288970: I tensorflow/stream_executor/platform/default/dso_loader.cc:49] Successfully opened dynamic library libcudnn.so.8
2021-05-13 20:41:53.291902: I tensorflow/core/common_runtime/gpu/gpu_device.cc:1794] Adding visible gpu devices: 0
2021-05-13 20:41:53.291969: I tensorflow/core/common_runtime/gpu/gpu_device.cc:1206] Device interconnect StreamExecutor with strength 1 edge matrix:
2021-05-13 20:41:53.291989: I tensorflow/core/common_runtime/gpu/gpu_device.cc:1212]      0 
2021-05-13 20:41:53.292005: I tensorflow/core/common_runtime/gpu/gpu_device.cc:1225] 0:   N 
2021-05-13 20:41:53.294719: I tensorflow/core/common_runtime/gpu/gpu_device.cc:1351] Created TensorFlow device (/job:localhost/replica:0/task:0/device:GPU:0 with 9598 MB memory) -> physical GPU (device: 0, name: NVIDIA TITAN V, pci bus id: 0000:01:00.0, compute capability: 7.0)
2021-05-13 20:41:53.301106: I tensorflow/core/common_runtime/gpu/gpu_device.cc:1666] Found device 0 with properties: 
name: NVIDIA TITAN V major: 7 minor: 0 memoryClockRate(GHz): 1.455
pciBusID: 0000:01:00.0
2021-05-13 20:41:53.301179: I tensorflow/stream_executor/platform/default/dso_loader.cc:49] Successfully opened dynamic library libcudart.so.11.0
2021-05-13 20:41:53.301209: I tensorflow/stream_executor/platform/default/dso_loader.cc:49] Successfully opened dynamic library libcublas.so.11
2021-05-13 20:41:53.301247: I tensorflow/stream_executor/platform/default/dso_loader.cc:49] Successfully opened dynamic library libcufft.so.10
2021-05-13 20:41:53.301271: I tensorflow/stream_executor/platform/default/dso_loader.cc:49] Successfully opened dynamic library libcurand.so.10
2021-05-13 20:41:53.301295: I tensorflow/stream_executor/platform/default/dso_loader.cc:49] Successfully opened dynamic library libcusolver.so.11
2021-05-13 20:41:53.301317: I tensorflow/stream_executor/platform/default/dso_loader.cc:49] Successfully opened dynamic library libcusparse.so.11
2021-05-13 20:41:53.301336: I tensorflow/stream_executor/platform/default/dso_loader.cc:49] Successfully opened dynamic library libcudnn.so.8
2021-05-13 20:41:53.303482: I tensorflow/core/common_runtime/gpu/gpu_device.cc:1794] Adding visible gpu devices: 0
2021-05-13 20:41:53.303514: I tensorflow/core/common_runtime/gpu/gpu_device.cc:1206] Device interconnect StreamExecutor with strength 1 edge matrix:
2021-05-13 20:41:53.303522: I tensorflow/core/common_runtime/gpu/gpu_device.cc:1212]      0 
2021-05-13 20:41:53.303527: I tensorflow/core/common_runtime/gpu/gpu_device.cc:1225] 0:   N 
2021-05-13 20:41:53.304501: I tensorflow/core/common_runtime/gpu/gpu_device.cc:1351] Created TensorFlow device (/job:localhost/replica:0/task:0/device:GPU:0 with 9598 MB memory) -> physical GPU (device: 0, name: NVIDIA TITAN V, pci bus id: 0000:01:00.0, compute capability: 7.0)
2021-05-13 20:41:53.306860: I tensorflow/core/common_runtime/gpu/gpu_device.cc:1666] Found device 0 with properties: 
name: NVIDIA TITAN V major: 7 minor: 0 memoryClockRate(GHz): 1.455
pciBusID: 0000:01:00.0
2021-05-13 20:41:53.306922: I tensorflow/stream_executor/platform/default/dso_loader.cc:49] Successfully opened dynamic library libcudart.so.11.0
2021-05-13 20:41:53.306948: I tensorflow/stream_executor/platform/default/dso_loader.cc:49] Successfully opened dynamic library libcublas.so.11
2021-05-13 20:41:53.306980: I tensorflow/stream_executor/platform/default/dso_loader.cc:49] Successfully opened dynamic library libcufft.so.10
2021-05-13 20:41:53.307004: I tensorflow/stream_executor/platform/default/dso_loader.cc:49] Successfully opened dynamic library libcurand.so.10
2021-05-13 20:41:53.307027: I tensorflow/stream_executor/platform/default/dso_loader.cc:49] Successfully opened dynamic library libcusolver.so.11
2021-05-13 20:41:53.307050: I tensorflow/stream_executor/platform/default/dso_loader.cc:49] Successfully opened dynamic library libcusparse.so.11
2021-05-13 20:41:53.307069: I tensorflow/stream_executor/platform/default/dso_loader.cc:49] Successfully opened dynamic library libcudnn.so.8
2021-05-13 20:41:53.309879: I tensorflow/core/common_runtime/gpu/gpu_device.cc:1794] Adding visible gpu devices: 0
2021-05-13 20:41:53.309920: I tensorflow/core/common_runtime/gpu/gpu_device.cc:1206] Device interconnect StreamExecutor with strength 1 edge matrix:
2021-05-13 20:41:53.309953: I tensorflow/core/common_runtime/gpu/gpu_device.cc:1212]      0 
2021-05-13 20:41:53.309970: I tensorflow/core/common_runtime/gpu/gpu_device.cc:1225] 0:   N 
2021-05-13 20:41:53.312859: I tensorflow/core/common_runtime/gpu/gpu_device.cc:1351] Created TensorFlow device (/job:localhost/replica:0/task:0/device:GPU:0 with 9598 MB memory) -> physical GPU (device: 0, name: NVIDIA TITAN V, pci bus id: 0000:01:00.0, compute capability: 7.0)
2021-05-13 20:41:53.318677: I tensorflow/core/common_runtime/gpu/gpu_device.cc:1666] Found device 0 with properties: 
name: NVIDIA TITAN V major: 7 minor: 0 memoryClockRate(GHz): 1.455
pciBusID: 0000:01:00.0
2021-05-13 20:41:53.318740: I tensorflow/stream_executor/platform/default/dso_loader.cc:49] Successfully opened dynamic library libcudart.so.11.0
2021-05-13 20:41:53.318766: I tensorflow/stream_executor/platform/default/dso_loader.cc:49] Successfully opened dynamic library libcublas.so.11
2021-05-13 20:41:53.318797: I tensorflow/stream_executor/platform/default/dso_loader.cc:49] Successfully opened dynamic library libcufft.so.10
2021-05-13 20:41:53.318819: I tensorflow/stream_executor/platform/default/dso_loader.cc:49] Successfully opened dynamic library libcurand.so.10
2021-05-13 20:41:53.318841: I tensorflow/stream_executor/platform/default/dso_loader.cc:49] Successfully opened dynamic library libcusolver.so.11
2021-05-13 20:41:53.318862: I tensorflow/stream_executor/platform/default/dso_loader.cc:49] Successfully opened dynamic library libcusparse.so.11
2021-05-13 20:41:53.318879: I tensorflow/stream_executor/platform/default/dso_loader.cc:49] Successfully opened dynamic library libcudnn.so.8
2021-05-13 20:41:53.322324: I tensorflow/core/common_runtime/gpu/gpu_device.cc:1794] Adding visible gpu devices: 0
2021-05-13 20:41:53.322379: I tensorflow/core/common_runtime/gpu/gpu_device.cc:1206] Device interconnect StreamExecutor with strength 1 edge matrix:
2021-05-13 20:41:53.322397: I tensorflow/core/common_runtime/gpu/gpu_device.cc:1212]      0 
2021-05-13 20:41:53.322412: I tensorflow/core/common_runtime/gpu/gpu_device.cc:1225] 0:   N 
2021-05-13 20:41:53.325085: I tensorflow/core/common_runtime/gpu/gpu_device.cc:1351] Created TensorFlow device (/job:localhost/replica:0/task:0/device:GPU:0 with 9598 MB memory) -> physical GPU (device: 0, name: NVIDIA TITAN V, pci bus id: 0000:01:00.0, compute capability: 7.0)
2021-05-13 20:41:53.326730: I tensorflow/core/common_runtime/gpu/gpu_device.cc:1666] Found device 0 with properties: 
name: NVIDIA TITAN V major: 7 minor: 0 memoryClockRate(GHz): 1.455
pciBusID: 0000:01:00.0
2021-05-13 20:41:53.326771: I tensorflow/stream_executor/platform/default/dso_loader.cc:49] Successfully opened dynamic library libcudart.so.11.0
2021-05-13 20:41:53.326789: I tensorflow/stream_executor/platform/default/dso_loader.cc:49] Successfully opened dynamic library libcublas.so.11
2021-05-13 20:41:53.326810: I tensorflow/stream_executor/platform/default/dso_loader.cc:49] Successfully opened dynamic library libcufft.so.10
2021-05-13 20:41:53.326826: I tensorflow/stream_executor/platform/default/dso_loader.cc:49] Successfully opened dynamic library libcurand.so.10
2021-05-13 20:41:53.326842: I tensorflow/stream_executor/platform/default/dso_loader.cc:49] Successfully opened dynamic library libcusolver.so.11
2021-05-13 20:41:53.326858: I tensorflow/stream_executor/platform/default/dso_loader.cc:49] Successfully opened dynamic library libcusparse.so.11
2021-05-13 20:41:53.326871: I tensorflow/stream_executor/platform/default/dso_loader.cc:49] Successfully opened dynamic library libcudnn.so.8
2021-05-13 20:41:53.328872: I tensorflow/core/common_runtime/gpu/gpu_device.cc:1794] Adding visible gpu devices: 0
2021-05-13 20:41:53.328903: I tensorflow/core/common_runtime/gpu/gpu_device.cc:1206] Device interconnect StreamExecutor with strength 1 edge matrix:
2021-05-13 20:41:53.328916: I tensorflow/core/common_runtime/gpu/gpu_device.cc:1212]      0 
2021-05-13 20:41:53.328926: I tensorflow/core/common_runtime/gpu/gpu_device.cc:1225] 0:   N 
2021-05-13 20:41:53.330921: I tensorflow/core/common_runtime/gpu/gpu_device.cc:1351] Created TensorFlow device (/job:localhost/replica:0/task:0/device:GPU:0 with 9598 MB memory) -> physical GPU (device: 0, name: NVIDIA TITAN V, pci bus id: 0000:01:00.0, compute capability: 7.0)
2021-05-13 20:41:53.342151: I tensorflow/core/common_runtime/gpu/gpu_device.cc:1666] Found device 0 with properties: 
name: NVIDIA TITAN V major: 7 minor: 0 memoryClockRate(GHz): 1.455
pciBusID: 0000:01:00.0
2021-05-13 20:41:53.342212: I tensorflow/stream_executor/platform/default/dso_loader.cc:49] Successfully opened dynamic library libcudart.so.11.0
2021-05-13 20:41:53.342241: I tensorflow/stream_executor/platform/default/dso_loader.cc:49] Successfully opened dynamic library libcublas.so.11
2021-05-13 20:41:53.342284: I tensorflow/stream_executor/platform/default/dso_loader.cc:49] Successfully opened dynamic library libcufft.so.10
2021-05-13 20:41:53.342303: I tensorflow/stream_executor/platform/default/dso_loader.cc:49] Successfully opened dynamic library libcurand.so.10
2021-05-13 20:41:53.342322: I tensorflow/stream_executor/platform/default/dso_loader.cc:49] Successfully opened dynamic library libcusolver.so.11
2021-05-13 20:41:53.342340: I tensorflow/stream_executor/platform/default/dso_loader.cc:49] Successfully opened dynamic library libcusparse.so.11
2021-05-13 20:41:53.342355: I tensorflow/stream_executor/platform/default/dso_loader.cc:49] Successfully opened dynamic library libcudnn.so.8
2021-05-13 20:41:53.344458: I tensorflow/core/common_runtime/gpu/gpu_device.cc:1794] Adding visible gpu devices: 0
2021-05-13 20:41:53.344497: I tensorflow/core/common_runtime/gpu/gpu_device.cc:1206] Device interconnect StreamExecutor with strength 1 edge matrix:
2021-05-13 20:41:53.344511: I tensorflow/core/common_runtime/gpu/gpu_device.cc:1212]      0 
2021-05-13 20:41:53.344522: I tensorflow/core/common_runtime/gpu/gpu_device.cc:1225] 0:   N 
2021-05-13 20:41:53.346575: I tensorflow/core/common_runtime/gpu/gpu_device.cc:1351] Created TensorFlow device (/job:localhost/replica:0/task:0/device:GPU:0 with 9598 MB memory) -> physical GPU (device: 0, name: NVIDIA TITAN V, pci bus id: 0000:01:00.0, compute capability: 7.0)
2021-05-13 20:41:53.358338: I tensorflow/core/common_runtime/gpu/gpu_device.cc:1666] Found device 0 with properties: 
name: NVIDIA TITAN V major: 7 minor: 0 memoryClockRate(GHz): 1.455
pciBusID: 0000:01:00.0
2021-05-13 20:41:53.358418: I tensorflow/stream_executor/platform/default/dso_loader.cc:49] Successfully opened dynamic library libcudart.so.11.0
2021-05-13 20:41:53.358448: I tensorflow/stream_executor/platform/default/dso_loader.cc:49] Successfully opened dynamic library libcublas.so.11
2021-05-13 20:41:53.358487: I tensorflow/stream_executor/platform/default/dso_loader.cc:49] Successfully opened dynamic library libcufft.so.10
2021-05-13 20:41:53.358511: I tensorflow/stream_executor/platform/default/dso_loader.cc:49] Successfully opened dynamic library libcurand.so.10
2021-05-13 20:41:53.358535: I tensorflow/stream_executor/platform/default/dso_loader.cc:49] Successfully opened dynamic library libcusolver.so.11
2021-05-13 20:41:53.358557: I tensorflow/stream_executor/platform/default/dso_loader.cc:49] Successfully opened dynamic library libcusparse.so.11
2021-05-13 20:41:53.358576: I tensorflow/stream_executor/platform/default/dso_loader.cc:49] Successfully opened dynamic library libcudnn.so.8
2021-05-13 20:41:53.361590: I tensorflow/core/common_runtime/gpu/gpu_device.cc:1794] Adding visible gpu devices: 0
2021-05-13 20:41:53.361648: I tensorflow/core/common_runtime/gpu/gpu_device.cc:1206] Device interconnect StreamExecutor with strength 1 edge matrix:
2021-05-13 20:41:53.361667: I tensorflow/core/common_runtime/gpu/gpu_device.cc:1212]      0 
2021-05-13 20:41:53.361682: I tensorflow/core/common_runtime/gpu/gpu_device.cc:1225] 0:   N 
2021-05-13 20:41:53.364593: I tensorflow/core/common_runtime/gpu/gpu_device.cc:1351] Created TensorFlow device (/job:localhost/replica:0/task:0/device:GPU:0 with 9598 MB memory) -> physical GPU (device: 0, name: NVIDIA TITAN V, pci bus id: 0000:01:00.0, compute capability: 7.0)
2021-05-13 20:41:53.366871: I tensorflow/core/common_runtime/gpu/gpu_device.cc:1666] Found device 0 with properties: 
name: NVIDIA TITAN V major: 7 minor: 0 memoryClockRate(GHz): 1.455
pciBusID: 0000:01:00.0
2021-05-13 20:41:53.366945: I tensorflow/stream_executor/platform/default/dso_loader.cc:49] Successfully opened dynamic library libcudart.so.11.0
2021-05-13 20:41:53.366979: I tensorflow/stream_executor/platform/default/dso_loader.cc:49] Successfully opened dynamic library libcublas.so.11
2021-05-13 20:41:53.367025: I tensorflow/stream_executor/platform/default/dso_loader.cc:49] Successfully opened dynamic library libcufft.so.10
2021-05-13 20:41:53.367053: I tensorflow/stream_executor/platform/default/dso_loader.cc:49] Successfully opened dynamic library libcurand.so.10
2021-05-13 20:41:53.367079: I tensorflow/stream_executor/platform/default/dso_loader.cc:49] Successfully opened dynamic library libcusolver.so.11
2021-05-13 20:41:53.367105: I tensorflow/stream_executor/platform/default/dso_loader.cc:49] Successfully opened dynamic library libcusparse.so.11
2021-05-13 20:41:53.367125: I tensorflow/stream_executor/platform/default/dso_loader.cc:49] Successfully opened dynamic library libcudnn.so.8
2021-05-13 20:41:53.370055: I tensorflow/core/common_runtime/gpu/gpu_device.cc:1794] Adding visible gpu devices: 0
2021-05-13 20:41:53.370108: I tensorflow/core/common_runtime/gpu/gpu_device.cc:1206] Device interconnect StreamExecutor with strength 1 edge matrix:
2021-05-13 20:41:53.370126: I tensorflow/core/common_runtime/gpu/gpu_device.cc:1212]      0 
2021-05-13 20:41:53.370165: I tensorflow/core/common_runtime/gpu/gpu_device.cc:1225] 0:   N 
2021-05-13 20:41:53.373030: I tensorflow/core/common_runtime/gpu/gpu_device.cc:1351] Created TensorFlow device (/job:localhost/replica:0/task:0/device:GPU:0 with 9598 MB memory) -> physical GPU (device: 0, name: NVIDIA TITAN V, pci bus id: 0000:01:00.0, compute capability: 7.0)
2021-05-13 20:41:53.380265: I tensorflow/core/common_runtime/gpu/gpu_device.cc:1666] Found device 0 with properties: 
name: NVIDIA TITAN V major: 7 minor: 0 memoryClockRate(GHz): 1.455
pciBusID: 0000:01:00.0
2021-05-13 20:41:53.380339: I tensorflow/stream_executor/platform/default/dso_loader.cc:49] Successfully opened dynamic library libcudart.so.11.0
2021-05-13 20:41:53.380367: I tensorflow/stream_executor/platform/default/dso_loader.cc:49] Successfully opened dynamic library libcublas.so.11
2021-05-13 20:41:53.380408: I tensorflow/stream_executor/platform/default/dso_loader.cc:49] Successfully opened dynamic library libcufft.so.10
2021-05-13 20:41:53.380431: I tensorflow/stream_executor/platform/default/dso_loader.cc:49] Successfully opened dynamic library libcurand.so.10
2021-05-13 20:41:53.380453: I tensorflow/stream_executor/platform/default/dso_loader.cc:49] Successfully opened dynamic library libcusolver.so.11
2021-05-13 20:41:53.380475: I tensorflow/stream_executor/platform/default/dso_loader.cc:49] Successfully opened dynamic library libcusparse.so.11
2021-05-13 20:41:53.380493: I tensorflow/stream_executor/platform/default/dso_loader.cc:49] Successfully opened dynamic library libcudnn.so.8
2021-05-13 20:41:53.383115: I tensorflow/core/common_runtime/gpu/gpu_device.cc:1794] Adding visible gpu devices: 0
2021-05-13 20:41:53.383164: I tensorflow/core/common_runtime/gpu/gpu_device.cc:1206] Device interconnect StreamExecutor with strength 1 edge matrix:
2021-05-13 20:41:53.383181: I tensorflow/core/common_runtime/gpu/gpu_device.cc:1212]      0 
2021-05-13 20:41:53.383196: I tensorflow/core/common_runtime/gpu/gpu_device.cc:1225] 0:   N 
2021-05-13 20:41:53.385954: I tensorflow/core/common_runtime/gpu/gpu_device.cc:1351] Created TensorFlow device (/job:localhost/replica:0/task:0/device:GPU:0 with 9598 MB memory) -> physical GPU (device: 0, name: NVIDIA TITAN V, pci bus id: 0000:01:00.0, compute capability: 7.0)
I0513 20:41:53.387038 201177 model_repository_manager.cc:1210] successfully loaded 'graphdef_nobatch_int32_int32_int32' version 1
I0513 20:41:53.387159 201177 model_repository_manager.cc:1210] successfully loaded 'graphdef_int32_int32_int32' version 1
I0513 20:41:53.387163 201177 model_repository_manager.cc:1210] successfully loaded 'graphdef_object_int32_int32' version 1
I0513 20:41:53.387234 201177 model_repository_manager.cc:1210] successfully loaded 'graphdef_nobatch_int32_int32_int32' version 2I0513 20:41:53.387235 201177 model_repository_manager.cc:1210] successfully loaded 'graphdef_int32_int32_int32' version 2

I0513 20:41:53.387216 201177 model_repository_manager.cc:1210] successfully loaded 'graphdef_int32_int32_int32' version 3
I0513 20:41:53.387341 201177 model_repository_manager.cc:1210] successfully loaded 'graphdef_int32_int32_float32' version 1
2021-05-13 20:41:53.388469: I tensorflow/core/common_runtime/gpu/gpu_device.cc:1666] Found device 0 with properties: 
name: NVIDIA TITAN V major: 7 minor: 0 memoryClockRate(GHz): 1.455
pciBusID: 0000:01:00.0
2021-05-13 20:41:53.388534: I tensorflow/stream_executor/platform/default/dso_loader.cc:49] Successfully opened dynamic library libcudart.so.11.0
2021-05-13 20:41:53.388564: I tensorflow/stream_executor/platform/default/dso_loader.cc:49] Successfully opened dynamic library libcublas.so.11
2021-05-13 20:41:53.388599: I tensorflow/stream_executor/platform/default/dso_loader.cc:49] Successfully opened dynamic library libcufft.so.10
2021-05-13 20:41:53.388620: I tensorflow/stream_executor/platform/default/dso_loader.cc:49] Successfully opened dynamic library libcurand.so.10
2021-05-13 20:41:53.388640: I tensorflow/stream_executor/platform/default/dso_loader.cc:49] Successfully opened dynamic library libcusolver.so.11
2021-05-13 20:41:53.388660: I tensorflow/stream_executor/platform/default/dso_loader.cc:49] Successfully opened dynamic library libcusparse.so.11
2021-05-13 20:41:53.388676: I tensorflow/stream_executor/platform/default/dso_loader.cc:49] Successfully opened dynamic library libcudnn.so.8
2021-05-13 20:41:53.391284: I tensorflow/core/common_runtime/gpu/gpu_device.cc:1794] Adding visible gpu devices: 0
2021-05-13 20:41:53.391345: I tensorflow/core/common_runtime/gpu/gpu_device.cc:1206] Device interconnect StreamExecutor with strength 1 edge matrix:
2021-05-13 20:41:53.391363: I tensorflow/core/common_runtime/gpu/gpu_device.cc:1212]      0 
2021-05-13 20:41:53.391376: I tensorflow/core/common_runtime/gpu/gpu_device.cc:1225] 0:   N 
2021-05-13 20:41:53.393840: I tensorflow/core/common_runtime/gpu/gpu_device.cc:1351] Created TensorFlow device (/job:localhost/replica:0/task:0/device:GPU:0 with 9598 MB memory) -> physical GPU (device: 0, name: NVIDIA TITAN V, pci bus id: 0000:01:00.0, compute capability: 7.0)
I0513 20:41:53.397738 201177 model_repository_manager.cc:1210] successfully loaded 'graphdef_object_object_object' version 1
2021-05-13 20:41:53.398984: I tensorflow/core/common_runtime/gpu/gpu_device.cc:1666] Found device 0 with properties: 
name: NVIDIA TITAN V major: 7 minor: 0 memoryClockRate(GHz): 1.455
pciBusID: 0000:01:00.0
2021-05-13 20:41:53.399059: I tensorflow/stream_executor/platform/default/dso_loader.cc:49] Successfully opened dynamic library libcudart.so.11.0
2021-05-13 20:41:53.399089: I tensorflow/stream_executor/platform/default/dso_loader.cc:49] Successfully opened dynamic library libcublas.so.11
2021-05-13 20:41:53.399127: I tensorflow/stream_executor/platform/default/dso_loader.cc:49] Successfully opened dynamic library libcufft.so.10
2021-05-13 20:41:53.399151: I tensorflow/stream_executor/platform/default/dso_loader.cc:49] Successfully opened dynamic library libcurand.so.10
2021-05-13 20:41:53.399175: I tensorflow/stream_executor/platform/default/dso_loader.cc:49] Successfully opened dynamic library libcusolver.so.11
2021-05-13 20:41:53.399198: I tensorflow/stream_executor/platform/default/dso_loader.cc:49] Successfully opened dynamic library libcusparse.so.11
2021-05-13 20:41:53.399218: I tensorflow/stream_executor/platform/default/dso_loader.cc:49] Successfully opened dynamic library libcudnn.so.8
2021-05-13 20:41:53.402194: I tensorflow/core/common_runtime/gpu/gpu_device.cc:1794] Adding visible gpu devices: 0
2021-05-13 20:41:53.402282: I tensorflow/core/common_runtime/gpu/gpu_device.cc:1206] Device interconnect StreamExecutor with strength 1 edge matrix:
2021-05-13 20:41:53.402301: I tensorflow/core/common_runtime/gpu/gpu_device.cc:1212]      0 
2021-05-13 20:41:53.402317: I tensorflow/core/common_runtime/gpu/gpu_device.cc:1225] 0:   N 
2021-05-13 20:41:53.405197: I tensorflow/core/common_runtime/gpu/gpu_device.cc:1351] Created TensorFlow device (/job:localhost/replica:0/task:0/device:GPU:0 with 9598 MB memory) -> physical GPU (device: 0, name: NVIDIA TITAN V, pci bus id: 0000:01:00.0, compute capability: 7.0)
2021-05-13 20:41:53.407777: I tensorflow/core/common_runtime/gpu/gpu_device.cc:1666] Found device 0 with properties: 
name: NVIDIA TITAN V major: 7 minor: 0 memoryClockRate(GHz): 1.455
pciBusID: 0000:01:00.0
2021-05-13 20:41:53.407834: I tensorflow/stream_executor/platform/default/dso_loader.cc:49] Successfully opened dynamic library libcudart.so.11.0
2021-05-13 20:41:53.407856: I tensorflow/stream_executor/platform/default/dso_loader.cc:49] Successfully opened dynamic library libcublas.so.11
2021-05-13 20:41:53.407884: I tensorflow/stream_executor/platform/default/dso_loader.cc:49] Successfully opened dynamic library libcufft.so.10
2021-05-13 20:41:53.407900: I tensorflow/stream_executor/platform/default/dso_loader.cc:49] Successfully opened dynamic library libcurand.so.10
2021-05-13 20:41:53.407915: I tensorflow/stream_executor/platform/default/dso_loader.cc:49] Successfully opened dynamic library libcusolver.so.11
2021-05-13 20:41:53.407930: I tensorflow/stream_executor/platform/default/dso_loader.cc:49] Successfully opened dynamic library libcusparse.so.11
2021-05-13 20:41:53.407942: I tensorflow/stream_executor/platform/default/dso_loader.cc:49] Successfully opened dynamic library libcudnn.so.8
2021-05-13 20:41:53.409745: I tensorflow/core/common_runtime/gpu/gpu_device.cc:1794] Adding visible gpu devices: 0
2021-05-13 20:41:53.409784: I tensorflow/core/common_runtime/gpu/gpu_device.cc:1206] Device interconnect StreamExecutor with strength 1 edge matrix:
2021-05-13 20:41:53.409797: I tensorflow/core/common_runtime/gpu/gpu_device.cc:1212]      0 
2021-05-13 20:41:53.409807: I tensorflow/core/common_runtime/gpu/gpu_device.cc:1225] 0:   N 
2021-05-13 20:41:53.411842: I tensorflow/core/common_runtime/gpu/gpu_device.cc:1351] Created TensorFlow device (/job:localhost/replica:0/task:0/device:GPU:0 with 9598 MB memory) -> physical GPU (device: 0, name: NVIDIA TITAN V, pci bus id: 0000:01:00.0, compute capability: 7.0)
2021-05-13 20:41:53.414380: I tensorflow/cc/saved_model/loader.cc:251] Restoring SavedModel bundle.
2021-05-13 20:41:53.414446: I tensorflow/cc/saved_model/loader.cc:261] The specified SavedModel has no variables; no checkpoints were restored. File does not exist: /workspace/qa/L0_perf_analyzer_capi/models/savedmodel_sequence_object/1/model.savedmodel/variables/variables.index
2021-05-13 20:41:53.414485: I tensorflow/cc/saved_model/loader.cc:379] SavedModel load for tags { serve }; Status: success. Took 11776577 microseconds.
I0513 20:41:53.414524 201177 model_repository_manager.cc:1210] successfully loaded 'graphdef_nobatch_int32_int32_int32' version 3
I0513 20:41:53.414530 201177 model_repository_manager.cc:1210] successfully loaded 'graphdef_nobatch_object_object_object' version 1
I0513 20:41:53.414607 201177 model_repository_manager.cc:1210] successfully loaded 'graphdef_sequence_float32' version 1
I0513 20:41:53.414732 201177 model_repository_manager.cc:1210] successfully loaded 'savedmodel_sequence_object' version 1
I0513 20:41:53.428633 201177 model_repository_manager.cc:1210] successfully loaded 'inception_v1_graphdef' version 1
2021-05-13 20:41:53.453521: I tensorflow/cc/saved_model/loader.cc:251] Restoring SavedModel bundle.
I0513 20:41:53.456195 201177 plan_backend.cc:386] Creating instance plan_zero_1_float32_0_gpu0 on GPU 0 (7.0) using model.plan
I0513 20:41:53.460773 201177 plan_backend.cc:770] Created instance plan_zero_1_float32_0_gpu0 on GPU 0 with stream priority 0 and optimization profile default[0];
I0513 20:41:53.460905 201177 model_repository_manager.cc:1210] successfully loaded 'plan_zero_1_float32' version 1
2021-05-13 20:41:53.825170: I tensorflow/cc/saved_model/loader.cc:200] Running initialization op on SavedModel bundle at path: /workspace/qa/L0_perf_analyzer_capi/models/resnet50v1.5_fp16_savedmodel/1/model.savedmodel
2021-05-13 20:41:53.859031: I tensorflow/cc/saved_model/loader.cc:379] SavedModel load for tags { serve }; Status: success. Took 12312159 microseconds.
I0513 20:41:53.859254 201177 model_repository_manager.cc:1210] successfully loaded 'resnet50v1.5_fp16_savedmodel' version 1
I0513 20:41:53.859473 201177 model_repository_manager.cc:1043] loading: simple_savedmodel_sequence_object:1
I0513 20:41:53.959871 201177 model_repository_manager.cc:1210] successfully loaded 'simple_savedmodel_sequence_object' version 1
I0513 20:41:53.960027 201177 server.cc:504] 
+------------------+------+
| Repository Agent | Path |
+------------------+------+
+------------------+------+

I0513 20:41:53.960147 201177 server.cc:543] 
+-------------+-----------------------------------------------------------------+--------+
| Backend     | Path                                                            | Config |
+-------------+-----------------------------------------------------------------+--------+
| tensorrt    | <built-in>                                                      | {}     |
| pytorch     | /opt/tritonserver/backends/pytorch/libtriton_pytorch.so         | {}     |
| identity    | /opt/tritonserver/backends/identity/libtriton_identity.so       | {}     |
| tensorflow  | /opt/tritonserver/backends/tensorflow1/libtriton_tensorflow1.so | {}     |
| onnxruntime | /opt/tritonserver/backends/onnxruntime/libtriton_onnxruntime.so | {}     |
| openvino    | /opt/tritonserver/backends/openvino/libtriton_openvino.so       | {}     |
+-------------+-----------------------------------------------------------------+--------+

I0513 20:41:53.960339 201177 server.cc:586] 
+---------------------------------------+---------+--------+
| Model                                 | Version | Status |
+---------------------------------------+---------+--------+
| graphdef_int32_int32_float32          | 1       | READY  |
| graphdef_int32_int32_int32            | 1       | READY  |
| graphdef_int32_int32_int32            | 2       | READY  |
| graphdef_int32_int32_int32            | 3       | READY  |
| graphdef_nobatch_int32_int32_int32    | 1       | READY  |
| graphdef_nobatch_int32_int32_int32    | 2       | READY  |
| graphdef_nobatch_int32_int32_int32    | 3       | READY  |
| graphdef_nobatch_object_object_object | 1       | READY  |
| graphdef_object_int32_int32           | 1       | READY  |
| graphdef_object_object_object         | 1       | READY  |
| graphdef_sequence_float32             | 1       | READY  |
| inception_v1_graphdef                 | 1       | READY  |
| nop_TYPE_FP32_-1                      | 1       | READY  |
| plan_zero_1_float32                   | 1       | READY  |
| resnet50v1.5_fp16_savedmodel          | 1       | READY  |
| savedmodel_sequence_object            | 1       | READY  |
| simple_savedmodel_sequence_object     | 1       | READY  |
+---------------------------------------+---------+--------+

I0513 20:41:53.960507 201177 tritonserver.cc:1659] 
+----------------------------------+----------------------------------------------------------------------------------------------------------------------------------------------------------------------------------------+
| Option                           | Value                                                                                                                                                                                  |
+----------------------------------+----------------------------------------------------------------------------------------------------------------------------------------------------------------------------------------+
| server_id                        | triton                                                                                                                                                                                 |
| server_version                   | 2.10.0dev                                                                                                                                                                              |
| server_extensions                | classification sequence model_repository model_repository(unload_dependents) schedule_policy model_configuration system_shared_memory cuda_shared_memory binary_tensor_data statistics |
| model_repository_path[0]         | /workspace/qa/L0_perf_analyzer_capi/models                                                                                                                                             |
| model_control_mode               | MODE_POLL                                                                                                                                                                              |
| strict_model_config              | 1                                                                                                                                                                                      |
| pinned_memory_pool_byte_size     | 268435456                                                                                                                                                                              |
| cuda_memory_pool_byte_size{0}    | 67108864                                                                                                                                                                               |
| min_supported_compute_capability | 0.0                                                                                                                                                                                    |
| strict_readiness                 | 1                                                                                                                                                                                      |
| exit_timeout                     | 30                                                                                                                                                                                     |
+----------------------------------+----------------------------------------------------------------------------------------------------------------------------------------------------------------------------------------+

server is alive!
 Successfully read data for 1 stream/streams with 1 step/steps.
*** Measurement Settings ***
  Batch size: 8
  Measurement window: 2000 msec
  Using synchronous calls for inference
  Stabilizing using average latency

Request concurrency: 1
  Pass [1] throughput: 42188 infer/sec. Avg latency: 142 usec (std 18 usec)
  Pass [2] throughput: 45072 infer/sec. Avg latency: 131 usec (std 19 usec)
  Pass [3] throughput: 41744 infer/sec. Avg latency: 144 usec (std 43 usec)
  Client: 
    Request count: 10436
    Throughput: 41744 infer/sec
    Avg latency: 144 usec (standard deviation 43 usec)
    p50 latency: 143 usec
    p90 latency: 163 usec
    p95 latency: 174 usec
    p99 latency: 212 usec
    Avg HTTP time: 135 usec (send 8 usec + response wait 127 usec + receive 0 usec)
  Server: 
    Inference count: 100248
    Execution count: 12531
    Successful request count: 12531
    Avg request latency: 110 usec (overhead 1 usec + queue 9 usec + compute input 51 usec + compute infer 15 usec + compute output 34 usec)

Inferences/Second vs. Client Average Batch Latency
Concurrency: 1, throughput: 41744 infer/sec, latency 144 usec
removing triton backend
I0513 20:42:01.184917 201177 server.cc:234] Waiting for in-flight requests to complete.
I0513 20:42:01.184942 201177 model_repository_manager.cc:1076] unloading: simple_savedmodel_sequence_object:1
I0513 20:42:01.185053 201177 model_repository_manager.cc:1076] unloading: savedmodel_sequence_object:1
I0513 20:42:01.185138 201177 model_repository_manager.cc:1076] unloading: plan_zero_1_float32:1
I0513 20:42:01.185192 201177 model_repository_manager.cc:1076] unloading: nop_TYPE_FP32_-1:1
I0513 20:42:01.185196 201177 model_repository_manager.cc:1193] successfully unloaded 'simple_savedmodel_sequence_object' version 1
I0513 20:42:01.185242 201177 model_repository_manager.cc:1076] unloading: graphdef_sequence_float32:1
I0513 20:42:01.185393 201177 model_repository_manager.cc:1076] unloading: inception_v1_graphdef:1
I0513 20:42:01.185423 201177 identity.cc:567] TRITONBACKEND_ModelInstanceFinalize: delete instance state
I0513 20:42:01.185486 201177 identity.cc:496] TRITONBACKEND_ModelFinalize: delete model state
I0513 20:42:01.185507 201177 identity.cc:413] TRITONBACKEND_Finalize: state is 'backend state'
I0513 20:42:01.185502 201177 tensorflow.cc:2352] TRITONBACKEND_ModelInstanceFinalize: delete instance state
I0513 20:42:01.185547 201177 model_repository_manager.cc:1076] unloading: graphdef_nobatch_object_object_object:1
I0513 20:42:01.185610 201177 tensorflow.cc:2352] TRITONBACKEND_ModelInstanceFinalize: delete instance state
I0513 20:42:01.185628 201177 tensorflow.cc:2352] TRITONBACKEND_ModelInstanceFinalize: delete instance state
I0513 20:42:01.185687 201177 tensorflow.cc:2291] TRITONBACKEND_ModelFinalize: delete model state
I0513 20:42:01.185702 201177 tensorflow.cc:2291] TRITONBACKEND_ModelFinalize: delete model state
I0513 20:42:01.185736 201177 tensorflow.cc:2291] TRITONBACKEND_ModelFinalize: delete model state
I0513 20:42:01.185745 201177 model_repository_manager.cc:1076] unloading: graphdef_nobatch_int32_int32_int32:1
I0513 20:42:01.185925 201177 model_repository_manager.cc:1076] unloading: graphdef_nobatch_int32_int32_int32:2
I0513 20:42:01.185988 201177 tensorflow.cc:2352] TRITONBACKEND_ModelInstanceFinalize: delete instance state
I0513 20:42:01.186042 201177 tensorflow.cc:2352] TRITONBACKEND_ModelInstanceFinalize: delete instance state
I0513 20:42:01.186171 201177 model_repository_manager.cc:1076] unloading: graphdef_nobatch_int32_int32_int32:3
I0513 20:42:01.186282 201177 model_repository_manager.cc:1193] successfully unloaded 'graphdef_sequence_float32' version 1
I0513 20:42:01.186290 201177 model_repository_manager.cc:1193] successfully unloaded 'nop_TYPE_FP32_-1' version 1
I0513 20:42:01.186350 201177 tensorflow.cc:2352] TRITONBACKEND_ModelInstanceFinalize: delete instance state
I0513 20:42:01.186400 201177 model_repository_manager.cc:1076] unloading: graphdef_object_int32_int32:1I0513 20:42:01.186412 201177 tensorflow.cc:2291] TRITONBACKEND_ModelFinalize: delete model state

I0513 20:42:01.186440 201177 tensorflow.cc:2291] TRITONBACKEND_ModelFinalize: delete model state
I0513 20:42:01.186498 201177 model_repository_manager.cc:1076] unloading: graphdef_int32_int32_int32:1I0513 20:42:01.186406 201177 tensorflow.cc:2291] TRITONBACKEND_ModelFinalize: delete model state

I0513 20:42:01.186558 201177 tensorflow.cc:2352] TRITONBACKEND_ModelInstanceFinalize: delete instance state
I0513 20:42:01.186602 201177 model_repository_manager.cc:1193] successfully unloaded 'savedmodel_sequence_object' version 1
I0513 20:42:01.186660 201177 model_repository_manager.cc:1076] unloading: graphdef_int32_int32_int32:2
I0513 20:42:01.186702 201177 tensorflow.cc:2352] TRITONBACKEND_ModelInstanceFinalize: delete instance state
I0513 20:42:01.186779 201177 tensorflow.cc:2291] TRITONBACKEND_ModelFinalize: delete model state
I0513 20:42:01.186836 201177 tensorflow.cc:2291] TRITONBACKEND_ModelFinalize: delete model state
I0513 20:42:01.186856 201177 model_repository_manager.cc:1076] unloading: graphdef_int32_int32_int32:3I0513 20:42:01.186893 201177 tensorflow.cc:2352] TRITONBACKEND_ModelInstanceFinalize: delete instance state
I0513 20:42:01.186945 201177 model_repository_manager.cc:1193] successfully unloaded 'graphdef_nobatch_int32_int32_int32' version 2I0513 20:42:01.186910 201177 model_repository_manager.cc:1193] successfully unloaded 'graphdef_nobatch_int32_int32_int32' version 1

I0513 20:42:01.187064 201177 tensorflow.cc:2352] TRITONBACKEND_ModelInstanceFinalize: delete instance state

I0513 20:42:01.187070 201177 tensorflow.cc:2291] TRITONBACKEND_ModelFinalize: delete model state
I0513 20:42:01.187168 201177 model_repository_manager.cc:1193] successfully unloaded 'plan_zero_1_float32' version 1
I0513 20:42:01.187224 201177 model_repository_manager.cc:1193] successfully unloaded 'graphdef_nobatch_object_object_object' version 1
I0513 20:42:01.187230 201177 tensorflow.cc:2291] TRITONBACKEND_ModelFinalize: delete model state
I0513 20:42:01.187317 201177 model_repository_manager.cc:1193] successfully unloaded 'graphdef_nobatch_int32_int32_int32' version 3
I0513 20:42:01.187412 201177 model_repository_manager.cc:1076] unloading: resnet50v1.5_fp16_savedmodel:1
I0513 20:42:01.187529 201177 tensorflow.cc:2352] TRITONBACKEND_ModelInstanceFinalize: delete instance state
I0513 20:42:01.187561 201177 model_repository_manager.cc:1193] successfully unloaded 'graphdef_object_int32_int32' version 1
I0513 20:42:01.187612 201177 tensorflow.cc:2291] TRITONBACKEND_ModelFinalize: delete model state
I0513 20:42:01.187649 201177 model_repository_manager.cc:1076] unloading: graphdef_object_object_object:1
I0513 20:42:01.187658 201177 model_repository_manager.cc:1193] successfully unloaded 'graphdef_int32_int32_int32' version 2
I0513 20:42:01.187710 201177 model_repository_manager.cc:1193] successfully unloaded 'graphdef_int32_int32_int32' version 1
I0513 20:42:01.187748 201177 tensorflow.cc:2352] TRITONBACKEND_ModelInstanceFinalize: delete instance state
I0513 20:42:01.187841 201177 tensorflow.cc:2291] TRITONBACKEND_ModelFinalize: delete model state
I0513 20:42:01.187878 201177 model_repository_manager.cc:1076] unloading: graphdef_int32_int32_float32:1
I0513 20:42:01.187978 201177 model_repository_manager.cc:1193] successfully unloaded 'graphdef_int32_int32_int32' version 3
I0513 20:42:01.188013 201177 tensorflow.cc:2352] TRITONBACKEND_ModelInstanceFinalize: delete instance state
I0513 20:42:01.188042 201177 server.cc:249] Timeout 30: Found 4 live models and 0 in-flight non-inference requests
I0513 20:42:01.188101 201177 tensorflow.cc:2291] TRITONBACKEND_ModelFinalize: delete model state
I0513 20:42:01.188140 201177 tensorflow.cc:2352] TRITONBACKEND_ModelInstanceFinalize: delete instance state
I0513 20:42:01.188196 201177 tensorflow.cc:2291] TRITONBACKEND_ModelFinalize: delete model state
I0513 20:42:01.188441 201177 model_repository_manager.cc:1193] successfully unloaded 'graphdef_object_object_object' version 1
I0513 20:42:01.188466 201177 model_repository_manager.cc:1193] successfully unloaded 'graphdef_int32_int32_float32' version 1
I0513 20:42:01.189964 201177 model_repository_manager.cc:1193] successfully unloaded 'inception_v1_graphdef' version 1
I0513 20:42:01.211832 201177 model_repository_manager.cc:1193] successfully unloaded 'resnet50v1.5_fp16_savedmodel' version 1
I0513 20:42:02.188191 201177 server.cc:249] Timeout 29: Found 0 live models and 0 in-flight non-inference requests
removing triton backend
removing triton backend
Loader dereference
