*** Measurement Settings ***
  Batch size: 1
  Measurement window: 5000 msec
  Stabilizing using p95 latency

Request concurrency: 1
  Pass [1] throughput: 27 infer/sec. p95 latency: 39263 usec
  Pass [2] throughput: 27 infer/sec. p95 latency: 40943 usec
  Pass [3] throughput: 27 infer/sec. p95 latency: 40132 usec
  Client: 
    Request count: 136
    Throughput: 27 infer/sec
    p50 latency: 36548 usec
    p90 latency: 39628 usec
    p95 latency: 40132 usec
    p99 latency: 41541 usec
    Avg gRPC time: 36777 usec (marshal 2609 usec + response wait 34152 usec + unmarshal 16 usec)
  Server: 
    Request count: 163
    Avg request latency: 4333 usec (overhead 20 usec + queue 42 usec + compute 4271 usec)

Inferences/Second vs. Client p95 Batch Latency
Concurrency: 1, 27 infer/sec, latency 40132 usec
  % Total    % Received % Xferd  Average Speed   Time    Time     Time  Current
                                 Dload  Upload   Total   Spent    Left  Speed
  0     0    0     0    0     0      0      0 --:--:-- --:--:-- --:--:--     0100  3446  100  3446    0     0   673k      0 --:--:-- --:--:-- --:--:--  673k
