*** Measurement Settings ***
  Batch size: 1
  Measurement window: 5000 msec
  Latency limit: 300 msec
  Concurrency limit: 2 concurrent requests
  Stabilizing using p95 latency

Request concurrency: 1
  Pass [1] throughput: 5233 infer/sec. p95 latency: 214 usec
  Pass [2] throughput: 5020 infer/sec. p95 latency: 217 usec
  Pass [3] throughput: 5090 infer/sec. p95 latency: 221 usec
  Client: 
    Request count: 25454
    Throughput: 5090 infer/sec
    p50 latency: 189 usec
    p90 latency: 214 usec
    p95 latency: 221 usec
    p99 latency: 243 usec
    Avg HTTP time: 157 usec (send 32 usec + response wait 122 usec + receive 3 usec)
  Server: 
    Request count: 30438
    Avg request latency: 26 usec (overhead 8 usec + queue 12 usec + compute 6 usec)

Request concurrency: 2
  Pass [1] throughput: 11188 infer/sec. p95 latency: 218 usec
  Pass [2] throughput: 11452 infer/sec. p95 latency: 200 usec
  Pass [3] throughput: 11080 infer/sec. p95 latency: 211 usec
  Client: 
    Request count: 55404
    Throughput: 11080 infer/sec
    p50 latency: 167 usec
    p90 latency: 196 usec
    p95 latency: 211 usec
    p99 latency: 259 usec
    Avg HTTP time: 143 usec (send 32 usec + response wait 108 usec + receive 3 usec)
  Server: 
    Request count: 66953
    Avg request latency: 19 usec (overhead 7 usec + queue 8 usec + compute 4 usec)

Inferences/Second vs. Client p95 Batch Latency
Concurrency: 1, 5090 infer/sec, latency 221 usec
Concurrency: 2, 11080 infer/sec, latency 211 usec
  % Total    % Received % Xferd  Average Speed   Time    Time     Time  Current
                                 Dload  Upload   Total   Spent    Left  Speed
  0     0    0     0    0     0      0      0 --:--:-- --:--:-- --:--:--     0100  3463  100  3463    0     0  3381k      0 --:--:-- --:--:-- --:--:-- 3381k
