*** Measurement Settings ***
  Batch size: 1
  Measurement window: 5000 msec
  Stabilizing using p95 latency

Request concurrency: 8
  Pass [1] throughput: 10111 infer/sec. p95 latency: 3314 usec
  Pass [2] throughput: 9887 infer/sec. p95 latency: 3373 usec
  Pass [3] throughput: 10031 infer/sec. p95 latency: 3352 usec
  Client: 
    Request count: 50155
    Throughput: 10031 infer/sec
    p50 latency: 475 usec
    p90 latency: 1180 usec
    p95 latency: 3352 usec
    p99 latency: 7293 usec
    Avg HTTP time: 758 usec (send 65 usec + response wait 687 usec + receive 6 usec)
  Server: 
    Request count: 60183
    Avg request latency: 122 usec (overhead 40 usec + queue 76 usec + compute 6 usec)

Inferences/Second vs. Client p95 Batch Latency
Concurrency: 8, 10031 infer/sec, latency 3352 usec
  % Total    % Received % Xferd  Average Speed   Time    Time     Time  Current
                                 Dload  Upload   Total   Spent    Left  Speed
  0     0    0     0    0     0      0      0 --:--:-- --:--:-- --:--:--     0100  3473  100  3473    0     0  3391k      0 --:--:-- --:--:-- --:--:-- 3391k
