*** Measurement Settings ***
  Batch size: 1
  Measurement window: 5000 msec
  Stabilizing using p95 latency

Request concurrency: 16
  Pass [1] throughput: 3699 infer/sec. p95 latency: 12538 usec
  Pass [2] throughput: 3216 infer/sec. p95 latency: 15658 usec
  Pass [3] throughput: 3291 infer/sec. p95 latency: 15062 usec
  Pass [4] throughput: 3881 infer/sec. p95 latency: 13023 usec
  Pass [5] throughput: 3908 infer/sec. p95 latency: 13035 usec
  Pass [6] throughput: 4607 infer/sec. p95 latency: 11974 usec
  Pass [7] throughput: 3436 infer/sec. p95 latency: 15459 usec
  Pass [8] throughput: 3410 infer/sec. p95 latency: 14810 usec
  Pass [9] throughput: 3189 infer/sec. p95 latency: 15909 usec
  Client: 
    Request count: 15949
    Throughput: 3189 infer/sec
    p50 latency: 3586 usec
    p90 latency: 11933 usec
    p95 latency: 15909 usec
    p99 latency: 25092 usec
    Avg HTTP time: 5083 usec (send 1132 usec + response wait 3939 usec + receive 12 usec)
  Server: 
    Request count: 18804
    Avg request latency: 1115 usec (overhead 492 usec + queue 328 usec + compute 295 usec)

Inferences/Second vs. Client p95 Batch Latency
Concurrency: 16, 3189 infer/sec, latency 15909 usec
  % Total    % Received % Xferd  Average Speed   Time    Time     Time  Current
                                 Dload  Upload   Total   Spent    Left  Speed
  0     0    0     0    0     0      0      0 --:--:-- --:--:-- --:--:--     0100  4318  100  4318    0     0  4216k      0 --:--:-- --:--:-- --:--:-- 4216k
