*** Measurement Settings ***
  Batch size: 1
  Measurement window: 5000 msec
  Latency limit: 300 msec
  Concurrency limit: 2 concurrent requests
  Stabilizing using p95 latency

Request concurrency: 1
  Pass [1] throughput: 5355 infer/sec. p95 latency: 211 usec
  Pass [2] throughput: 6291 infer/sec. p95 latency: 209 usec
  Pass [3] throughput: 6134 infer/sec. p95 latency: 191 usec
  Pass [4] throughput: 5809 infer/sec. p95 latency: 209 usec
  Pass [5] throughput: 5605 infer/sec. p95 latency: 199 usec
  Client: 
    Request count: 28028
    Throughput: 5605 infer/sec
    p50 latency: 173 usec
    p90 latency: 189 usec
    p95 latency: 199 usec
    p99 latency: 225 usec
    Avg gRPC time: 156 usec (marshal 3 usec + response wait 147 usec + unmarshal 6 usec)
  Server: 
    Request count: 33623
    Avg request latency: 64 usec (overhead 6 usec + queue 12 usec + compute 46 usec)

Request concurrency: 2
  Pass [1] throughput: 9506 infer/sec. p95 latency: 273 usec
  Pass [2] throughput: 9472 infer/sec. p95 latency: 268 usec
  Pass [3] throughput: 9539 infer/sec. p95 latency: 260 usec
  Client: 
    Request count: 47697
    Throughput: 9539 infer/sec
    p50 latency: 198 usec
    p90 latency: 241 usec
    p95 latency: 260 usec
    p99 latency: 318 usec
    Avg gRPC time: 186 usec (marshal 3 usec + response wait 176 usec + unmarshal 7 usec)
  Server: 
    Request count: 57687
    Avg request latency: 54 usec (overhead 6 usec + queue 10 usec + compute 38 usec)

Inferences/Second vs. Client p95 Batch Latency
Concurrency: 1, 5605 infer/sec, latency 199 usec
Concurrency: 2, 9539 infer/sec, latency 260 usec
  % Total    % Received % Xferd  Average Speed   Time    Time     Time  Current
                                 Dload  Upload   Total   Spent    Left  Speed
  0     0    0     0    0     0      0      0 --:--:-- --:--:-- --:--:--     0100  3476  100  3476    0     0   678k      0 --:--:-- --:--:-- --:--:--  678k
