*** Measurement Settings ***
  Batch size: 1
  Measurement window: 5000 msec
  Stabilizing using p95 latency

Request concurrency: 1
  Pass [1] throughput: 10 infer/sec. p95 latency: 105391 usec
  Pass [2] throughput: 10 infer/sec. p95 latency: 104971 usec
  Pass [3] throughput: 10 infer/sec. p95 latency: 103195 usec
  Client: 
    Request count: 51
    Throughput: 10 infer/sec
    p50 latency: 100003 usec
    p90 latency: 102573 usec
    p95 latency: 103195 usec
    p99 latency: 107963 usec
    Avg HTTP time: 98368 usec (send 15790 usec + response wait 21672 usec + receive 60906 usec)
  Server: 
    Request count: 61
    Avg request latency: 13178 usec (overhead 17 usec + queue 53 usec + compute 13108 usec)

Inferences/Second vs. Client p95 Batch Latency
Concurrency: 1, 10 infer/sec, latency 103195 usec
  % Total    % Received % Xferd  Average Speed   Time    Time     Time  Current
                                 Dload  Upload   Total   Spent    Left  Speed
  0     0    0     0    0     0      0      0 --:--:-- --:--:-- --:--:--     0100  3445  100  3445    0     0   672k      0 --:--:-- --:--:-- --:--:--  841k
