*** Measurement Settings ***
  Batch size: 1
  Measurement window: 5000 msec
  Latency limit: 300 msec
  Concurrency limit: 2 concurrent requests
  Reporting 95-th percentile latency

Request concurrency: 1
  Pass [1] throughput: 9 infer/sec. 95-th percentile latency: 109772 usec
  Pass [2] throughput: 9 infer/sec. 95-th percentile latency: 110172 usec
  Pass [3] throughput: 9 infer/sec. 95-th percentile latency: 110459 usec
  Client: 
    Request count: 47
    Throughput: 9 infer/sec
    95-th percentile latency: 110459 usec
    Avg HTTP time: 106895 usec (send 17031 usec + response wait 28182 usec + receive 61682 usec)
  Server: 
    Request count: 56
    Avg request latency: 19898 usec (overhead 476 usec + queue 49 usec + compute 19373 usec)

Request concurrency: 2
  Pass [1] throughput: 17 infer/sec. 95-th percentile latency: 123800 usec
  Pass [2] throughput: 17 infer/sec. 95-th percentile latency: 121496 usec
  Pass [3] throughput: 17 infer/sec. 95-th percentile latency: 123385 usec
  Client: 
    Request count: 88
    Throughput: 17 infer/sec
    95-th percentile latency: 123385 usec
    Avg HTTP time: 113205 usec (send 15359 usec + response wait 34358 usec + receive 63488 usec)
  Server: 
    Request count: 106
    Avg request latency: 22114 usec (overhead 638 usec + queue 3885 usec + compute 17591 usec)

Inferences/Second vs. Client 95-th Percentile Batch Latency
Concurrency: 1, 9 infer/sec, latency 110459 usec
Concurrency: 2, 17 infer/sec, latency 123385 usec
  % Total    % Received % Xferd  Average Speed   Time    Time     Time  Current
                                 Dload  Upload   Total   Spent    Left  Speed
  0     0    0     0    0     0      0      0 --:--:-- --:--:-- --:--:--     0100  4915  100  4915    0     0  5741k      0 --:--:-- --:--:-- --:--:-- 4799k
