*** Measurement Settings ***
  Batch size: 1
  Measurement window: 5000 msec
  Latency limit: 300 msec
  Concurrency limit: 2 concurrent requests
  Reporting 95-th percentile latency

Request concurrency: 1
  Pass [1] throughput: 9 infer/sec. 95-th percentile latency: 111844 usec
  Pass [2] throughput: 9 infer/sec. 95-th percentile latency: 107827 usec
  Pass [3] throughput: 9 infer/sec. 95-th percentile latency: 111543 usec
  Client: 
    Request count: 47
    Throughput: 9 infer/sec
    95-th percentile latency: 111543 usec
    Avg HTTP time: 106340 usec (send 16239 usec + response wait 27525 usec + receive 62576 usec)
  Server: 
    Request count: 57
    Avg request latency: 19196 usec (overhead 477 usec + queue 34 usec + compute 18685 usec)

Request concurrency: 2
  Pass [1] throughput: 17 infer/sec. 95-th percentile latency: 125678 usec
  Pass [2] throughput: 17 infer/sec. 95-th percentile latency: 125875 usec
  Pass [3] throughput: 17 infer/sec. 95-th percentile latency: 121673 usec
  Client: 
    Request count: 89
    Throughput: 17 infer/sec
    95-th percentile latency: 121673 usec
    Avg HTTP time: 111527 usec (send 14781 usec + response wait 33452 usec + receive 63294 usec)
  Server: 
    Request count: 108
    Avg request latency: 21164 usec (overhead 643 usec + queue 2931 usec + compute 17590 usec)

Inferences/Second vs. Client 95-th Percentile Batch Latency
Concurrency: 1, 9 infer/sec, latency 111543 usec
Concurrency: 2, 17 infer/sec, latency 121673 usec
  % Total    % Received % Xferd  Average Speed   Time    Time     Time  Current
                                 Dload  Upload   Total   Spent    Left  Speed
  0     0    0     0    0     0      0      0 --:--:-- --:--:-- --:--:--     0100  4978  100  4978    0     0   915k      0 --:--:-- --:--:-- --:--:--  972k
