*** Measurement Settings ***
  Batch size: 1
  Measurement window: 5000 msec
  Latency limit: 300 msec
  Concurrency limit: 2 concurrent requests
  Stabilizing using p95 latency

Request concurrency: 1
  Pass [1] throughput: 17 infer/sec. p95 latency: 69848 usec
  Pass [2] throughput: 18 infer/sec. p95 latency: 63511 usec
  Pass [3] throughput: 17 infer/sec. p95 latency: 64563 usec
  Pass [4] throughput: 18 infer/sec. p95 latency: 63166 usec
  Client: 
    Request count: 90
    Throughput: 18 infer/sec
    p50 latency: 54715 usec
    p90 latency: 61549 usec
    p95 latency: 63166 usec
    p99 latency: 63908 usec
    Avg gRPC time: 55661 usec (marshal 2561 usec + response wait 52823 usec + unmarshal 277 usec)
  Server: 
    Request count: 107
    Avg request latency: 19491 usec (overhead 18 usec + queue 53 usec + compute 19420 usec)

Request concurrency: 2
  Pass [1] throughput: 31 infer/sec. p95 latency: 74958 usec
  Pass [2] throughput: 31 infer/sec. p95 latency: 75880 usec
  Pass [3] throughput: 31 infer/sec. p95 latency: 76613 usec
  Client: 
    Request count: 159
    Throughput: 31 infer/sec
    p50 latency: 62485 usec
    p90 latency: 73928 usec
    p95 latency: 76613 usec
    p99 latency: 80001 usec
    Avg gRPC time: 62484 usec (marshal 2671 usec + response wait 59440 usec + unmarshal 373 usec)
  Server: 
    Request count: 192
    Avg request latency: 19166 usec (overhead 18 usec + queue 3122 usec + compute 16026 usec)

Inferences/Second vs. Client p95 Batch Latency
Concurrency: 1, 18 infer/sec, latency 63166 usec
Concurrency: 2, 31 infer/sec, latency 76613 usec
  % Total    % Received % Xferd  Average Speed   Time    Time     Time  Current
                                 Dload  Upload   Total   Spent    Left  Speed
  0     0    0     0    0     0      0      0 --:--:-- --:--:-- --:--:--     0100  4315  100  4315    0     0  4213k      0 --:--:-- --:--:-- --:--:-- 4213k
