*** Measurement Settings ***
  Batch size: 1
  Measurement window: 5000 msec
  Latency limit: 300 msec
  Concurrency limit: 2 concurrent requests
  Stabilizing using p95 latency

Request concurrency: 1
  Pass [1] throughput: 20 infer/sec. p95 latency: 51995 usec
  Pass [2] throughput: 20 infer/sec. p95 latency: 51349 usec
  Pass [3] throughput: 21 infer/sec. p95 latency: 49001 usec
  Client: 
    Request count: 109
    Throughput: 21 infer/sec
    p50 latency: 46051 usec
    p90 latency: 48397 usec
    p95 latency: 49001 usec
    p99 latency: 49839 usec
    Avg gRPC time: 46102 usec (marshal 2319 usec + response wait 43765 usec + unmarshal 18 usec)
  Server: 
    Request count: 130
    Avg request latency: 11461 usec (overhead 18 usec + queue 58 usec + compute 11385 usec)

Request concurrency: 2
  Pass [1] throughput: 32 infer/sec. p95 latency: 74246 usec
  Pass [2] throughput: 32 infer/sec. p95 latency: 75913 usec
  Pass [3] throughput: 32 infer/sec. p95 latency: 78430 usec
  Client: 
    Request count: 161
    Throughput: 32 infer/sec
    p50 latency: 60983 usec
    p90 latency: 73780 usec
    p95 latency: 78430 usec
    p99 latency: 80671 usec
    Avg gRPC time: 62383 usec (marshal 2754 usec + response wait 59270 usec + unmarshal 359 usec)
  Server: 
    Request count: 192
    Avg request latency: 16565 usec (overhead 15 usec + queue 1529 usec + compute 15021 usec)

Inferences/Second vs. Client p95 Batch Latency
Concurrency: 1, 21 infer/sec, latency 49001 usec
Concurrency: 2, 32 infer/sec, latency 78430 usec
  % Total    % Received % Xferd  Average Speed   Time    Time     Time  Current
                                 Dload  Upload   Total   Spent    Left  Speed
  0     0    0     0    0     0      0      0 --:--:-- --:--:-- --:--:--     0100  4250  100  4250    0     0   830k      0 --:--:-- --:--:-- --:--:--  830k
