*** Measurement Settings ***
  Batch size: 1
  Measurement window: 5000 msec
  Stabilizing using p95 latency

Request concurrency: 1
  Pass [1] throughput: 1221 infer/sec. p95 latency: 1074 usec
  Pass [2] throughput: 1235 infer/sec. p95 latency: 1057 usec
  Pass [3] throughput: 1232 infer/sec. p95 latency: 1048 usec
  Client: 
    Request count: 6162
    Throughput: 1232 infer/sec
    p50 latency: 764 usec
    p90 latency: 1004 usec
    p95 latency: 1048 usec
    p99 latency: 1308 usec
    Avg gRPC time: 786 usec (marshal 3 usec + response wait 777 usec + unmarshal 6 usec)
  Server: 
    Request count: 7301
    Avg request latency: 510 usec (overhead 13 usec + queue 19 usec + compute 478 usec)

Inferences/Second vs. Client p95 Batch Latency
Concurrency: 1, 1232 infer/sec, latency 1048 usec
  % Total    % Received % Xferd  Average Speed   Time    Time     Time  Current
                                 Dload  Upload   Total   Spent    Left  Speed
  0     0    0     0    0     0      0      0 --:--:-- --:--:-- --:--:--     0100  4338  100  4338    0     0  4236k      0 --:--:-- --:--:-- --:--:-- 4236k
