*** Measurement Settings ***
  Batch size: 1
  Measurement window: 5000 msec
  Stabilizing using p95 latency

Request concurrency: 1
  Pass [1] throughput: 2813 infer/sec. p95 latency: 471 usec
  Pass [2] throughput: 2857 infer/sec. p95 latency: 462 usec
  Pass [3] throughput: 2718 infer/sec. p95 latency: 459 usec
  Client: 
    Request count: 13590
    Throughput: 2718 infer/sec
    p50 latency: 352 usec
    p90 latency: 435 usec
    p95 latency: 459 usec
    p99 latency: 511 usec
    Avg gRPC time: 332 usec (marshal 3 usec + response wait 323 usec + unmarshal 6 usec)
  Server: 
    Request count: 16552
    Avg request latency: 102 usec (overhead 9 usec + queue 21 usec + compute 72 usec)

Inferences/Second vs. Client p95 Batch Latency
Concurrency: 1, 2718 infer/sec, latency 459 usec
  % Total    % Received % Xferd  Average Speed   Time    Time     Time  Current
                                 Dload  Upload   Total   Spent    Left  Speed
  0     0    0     0    0     0      0      0 --:--:-- --:--:-- --:--:--     0100  4295  100  4295    0     0   838k      0 --:--:-- --:--:-- --:--:--  838k
