*** Measurement Settings ***
  Batch size: 1
  Measurement window: 5000 msec
  Stabilizing using p95 latency

Request concurrency: 1
  Pass [1] throughput: 2841 infer/sec. p95 latency: 482 usec
  Pass [2] throughput: 2527 infer/sec. p95 latency: 495 usec
  Pass [3] throughput: 2664 infer/sec. p95 latency: 517 usec
  Pass [4] throughput: 2587 infer/sec. p95 latency: 503 usec
  Client: 
    Request count: 12937
    Throughput: 2587 infer/sec
    p50 latency: 368 usec
    p90 latency: 478 usec
    p95 latency: 503 usec
    p99 latency: 564 usec
    Avg gRPC time: 345 usec (marshal 3 usec + response wait 335 usec + unmarshal 7 usec)
  Server: 
    Request count: 15812
    Avg request latency: 113 usec (overhead 10 usec + queue 20 usec + compute 83 usec)

Inferences/Second vs. Client p95 Batch Latency
Concurrency: 1, 2587 infer/sec, latency 503 usec
  % Total    % Received % Xferd  Average Speed   Time    Time     Time  Current
                                 Dload  Upload   Total   Spent    Left  Speed
  0     0    0     0    0     0      0      0 --:--:-- --:--:-- --:--:--     0100  4266  100  4266    0     0   833k      0 --:--:-- --:--:-- --:--:--  833k
