*** Measurement Settings ***
  Batch size: 1
  Measurement window: 5000 msec
  Stabilizing using p95 latency

Request concurrency: 1
  Pass [1] throughput: 1717 infer/sec. p95 latency: 692 usec
  Pass [2] throughput: 1687 infer/sec. p95 latency: 711 usec
  Pass [3] throughput: 1631 infer/sec. p95 latency: 724 usec
  Client: 
    Request count: 8158
    Throughput: 1631 infer/sec
    p50 latency: 599 usec
    p90 latency: 695 usec
    p95 latency: 724 usec
    p99 latency: 791 usec
    Avg gRPC time: 572 usec (marshal 4 usec + response wait 561 usec + unmarshal 7 usec)
  Server: 
    Request count: 9889
    Avg request latency: 321 usec (overhead 10 usec + queue 21 usec + compute 290 usec)

Inferences/Second vs. Client p95 Batch Latency
Concurrency: 1, 1631 infer/sec, latency 724 usec
  % Total    % Received % Xferd  Average Speed   Time    Time     Time  Current
                                 Dload  Upload   Total   Spent    Left  Speed
  0     0    0     0    0     0      0      0 --:--:-- --:--:-- --:--:--     0100  4366  100  4366    0     0   852k      0 --:--:-- --:--:-- --:--:--  852k
