*** Measurement Settings ***
  Batch size: 1
  Measurement window: 5000 msec
  Stabilizing using p95 latency

Request concurrency: 8
  Pass [1] throughput: 19380 infer/sec. p95 latency: 500 usec
  Pass [2] throughput: 19517 infer/sec. p95 latency: 497 usec
  Pass [3] throughput: 19429 infer/sec. p95 latency: 500 usec
  Client: 
    Request count: 97146
    Throughput: 19429 infer/sec
    p50 latency: 402 usec
    p90 latency: 475 usec
    p95 latency: 500 usec
    p99 latency: 557 usec
    Avg gRPC time: 384 usec (marshal 3 usec + response wait 376 usec + unmarshal 5 usec)
  Server: 
    Request count: 116759
    Avg request latency: 37 usec (overhead 9 usec + queue 22 usec + compute 6 usec)

Inferences/Second vs. Client p95 Batch Latency
Concurrency: 8, 19429 infer/sec, latency 500 usec
  % Total    % Received % Xferd  Average Speed   Time    Time     Time  Current
                                 Dload  Upload   Total   Spent    Left  Speed
  0     0    0     0    0     0      0      0 --:--:-- --:--:-- --:--:--     0100  3469  100  3469    0     0  3387k      0 --:--:-- --:--:-- --:--:-- 3387k
