*** Measurement Settings ***
  Batch size: 1
  Measurement window: 5000 msec
  Stabilizing using p95 latency

Request concurrency: 16
  Pass [1] throughput: 27345 infer/sec. p95 latency: 857 usec
  Pass [2] throughput: 27557 infer/sec. p95 latency: 849 usec
  Pass [3] throughput: 27211 infer/sec. p95 latency: 858 usec
  Client: 
    Request count: 136058
    Throughput: 27211 infer/sec
    p50 latency: 551 usec
    p90 latency: 771 usec
    p95 latency: 858 usec
    p99 latency: 1101 usec
    Avg gRPC time: 566 usec (marshal 2 usec + response wait 561 usec + unmarshal 3 usec)
  Server: 
    Request count: 163766
    Avg request latency: 286 usec (overhead 8 usec + queue 56 usec + compute 222 usec)

Inferences/Second vs. Client p95 Batch Latency
Concurrency: 16, 27211 infer/sec, latency 858 usec
  % Total    % Received % Xferd  Average Speed   Time    Time     Time  Current
                                 Dload  Upload   Total   Spent    Left  Speed
  0     0    0     0    0     0      0      0 --:--:-- --:--:-- --:--:--     0100  4323  100  4323    0     0  4221k      0 --:--:-- --:--:-- --:--:-- 4221k
