*** Measurement Settings ***
  Batch size: 1
  Measurement window: 5000 msec
  Stabilizing using p95 latency

Request concurrency: 8
  Pass [1] throughput: 17825 infer/sec. p95 latency: 572 usec
  Pass [2] throughput: 17808 infer/sec. p95 latency: 570 usec
  Pass [3] throughput: 17854 infer/sec. p95 latency: 570 usec
  Client: 
    Request count: 89274
    Throughput: 17854 infer/sec
    p50 latency: 433 usec
    p90 latency: 536 usec
    p95 latency: 570 usec
    p99 latency: 653 usec
    Avg gRPC time: 425 usec (marshal 2 usec + response wait 418 usec + unmarshal 5 usec)
  Server: 
    Request count: 107087
    Avg request latency: 146 usec (overhead 8 usec + queue 34 usec + compute 104 usec)

Inferences/Second vs. Client p95 Batch Latency
Concurrency: 8, 17854 infer/sec, latency 570 usec
  % Total    % Received % Xferd  Average Speed   Time    Time     Time  Current
                                 Dload  Upload   Total   Spent    Left  Speed
  0     0    0     0    0     0      0      0 --:--:-- --:--:-- --:--:--     0100  4317  100  4317    0     0  1053k      0 --:--:-- --:--:-- --:--:-- 1053k
