*** Measurement Settings ***
  Batch size: 1
  Measurement window: 5000 msec
  Stabilizing using p95 latency

Request concurrency: 16
  Pass [1] throughput: 13674 infer/sec. p95 latency: 1653 usec
  Pass [2] throughput: 13760 infer/sec. p95 latency: 1654 usec
  Pass [3] throughput: 13662 infer/sec. p95 latency: 1669 usec
  Client: 
    Request count: 68310
    Throughput: 13662 infer/sec
    p50 latency: 1110 usec
    p90 latency: 1505 usec
    p95 latency: 1669 usec
    p99 latency: 2738 usec
    Avg gRPC time: 1144 usec (marshal 3 usec + response wait 1136 usec + unmarshal 5 usec)
  Server: 
    Request count: 82194
    Avg request latency: 861 usec (overhead 8 usec + queue 309 usec + compute 544 usec)

Inferences/Second vs. Client p95 Batch Latency
Concurrency: 16, 13662 infer/sec, latency 1669 usec
  % Total    % Received % Xferd  Average Speed   Time    Time     Time  Current
                                 Dload  Upload   Total   Spent    Left  Speed
  0     0    0     0    0     0      0      0 --:--:-- --:--:-- --:--:--     0100  4287  100  4287    0     0   837k      0 --:--:-- --:--:-- --:--:--  837k
