*** Measurement Settings ***
  Batch size: 1
  Measurement window: 5000 msec
  Latency limit: 300 msec
  Concurrency limit: 2 concurrent requests
  Stabilizing using p95 latency

Request concurrency: 1
  Pass [1] throughput: 9 infer/sec. p95 latency: 112604 usec
  Pass [2] throughput: 9 infer/sec. p95 latency: 110319 usec
  Pass [3] throughput: 10 infer/sec. p95 latency: 100277 usec
  Pass [4] throughput: 10 infer/sec. p95 latency: 98940 usec
  Pass [5] throughput: 10 infer/sec. p95 latency: 98477 usec
  Client: 
    Request count: 52
    Throughput: 10 infer/sec
    p50 latency: 95339 usec
    p90 latency: 97304 usec
    p95 latency: 98477 usec
    p99 latency: 98746 usec
    Avg HTTP time: 94673 usec (send 15706 usec + response wait 19212 usec + receive 59755 usec)
  Server: 
    Request count: 63
    Avg request latency: 11829 usec (overhead 444 usec + queue 37 usec + compute 11348 usec)

Request concurrency: 2
  Pass [1] throughput: 19 infer/sec. p95 latency: 111998 usec
  Pass [2] throughput: 20 infer/sec. p95 latency: 108176 usec
  Pass [3] throughput: 20 infer/sec. p95 latency: 109125 usec
  Client: 
    Request count: 101
    Throughput: 20 infer/sec
    p50 latency: 97144 usec
    p90 latency: 107037 usec
    p95 latency: 109125 usec
    p99 latency: 120351 usec
    Avg HTTP time: 99246 usec (send 13008 usec + response wait 23954 usec + receive 62284 usec)
  Server: 
    Request count: 121
    Avg request latency: 15038 usec (overhead 525 usec + queue 387 usec + compute 14126 usec)

Inferences/Second vs. Client p95 Batch Latency
Concurrency: 1, 10 infer/sec, latency 98477 usec
Concurrency: 2, 20 infer/sec, latency 109125 usec
  % Total    % Received % Xferd  Average Speed   Time    Time     Time  Current
                                 Dload  Upload   Total   Spent    Left  Speed
  0     0    0     0    0     0      0      0 --:--:-- --:--:-- --:--:--     0100  4312  100  4312    0     0   842k      0 --:--:-- --:--:-- --:--:--  842k
