*** Measurement Settings ***
  Batch size: 1
  Measurement window: 5000 msec
  Latency limit: 300 msec
  Concurrency limit: 2 concurrent requests
  Stabilizing using p95 latency

Request concurrency: 1
  Pass [1] throughput: 9 infer/sec. p95 latency: 109321 usec
  Pass [2] throughput: 9 infer/sec. p95 latency: 109177 usec
  Pass [3] throughput: 9 infer/sec. p95 latency: 110739 usec
  Client: 
    Request count: 48
    Throughput: 9 infer/sec
    p50 latency: 103810 usec
    p90 latency: 108211 usec
    p95 latency: 110739 usec
    p99 latency: 111877 usec
    Avg HTTP time: 103040 usec (send 16297 usec + response wait 26174 usec + receive 60569 usec)
  Server: 
    Request count: 58
    Avg request latency: 18737 usec (overhead 447 usec + queue 47 usec + compute 18243 usec)

Request concurrency: 2
  Pass [1] throughput: 18 infer/sec. p95 latency: 121517 usec
  Pass [2] throughput: 18 infer/sec. p95 latency: 118985 usec
  Pass [3] throughput: 18 infer/sec. p95 latency: 118125 usec
  Client: 
    Request count: 90
    Throughput: 18 infer/sec
    p50 latency: 110862 usec
    p90 latency: 115880 usec
    p95 latency: 118125 usec
    p99 latency: 121291 usec
    Avg HTTP time: 110574 usec (send 14758 usec + response wait 33299 usec + receive 62517 usec)
  Server: 
    Request count: 108
    Avg request latency: 22185 usec (overhead 598 usec + queue 4901 usec + compute 16686 usec)

Inferences/Second vs. Client p95 Batch Latency
Concurrency: 1, 9 infer/sec, latency 110739 usec
Concurrency: 2, 18 infer/sec, latency 118125 usec
  % Total    % Received % Xferd  Average Speed   Time    Time     Time  Current
                                 Dload  Upload   Total   Spent    Left  Speed
  0     0    0     0    0     0      0      0 --:--:-- --:--:-- --:--:--     0100  4250  100  4250    0     0  4150k      0 --:--:-- --:--:-- --:--:-- 4150k
