*** Measurement Settings ***
  Batch size: 1
  Measurement window: 5000 msec
  Latency limit: 300 msec
  Concurrency limit: 2 concurrent requests
  Stabilizing using p95 latency

Request concurrency: 1
  Pass [1] throughput: 9 infer/sec. p95 latency: 112102 usec
  Pass [2] throughput: 9 infer/sec. p95 latency: 111567 usec
  Pass [3] throughput: 9 infer/sec. p95 latency: 112826 usec
  Client: 
    Request count: 47
    Throughput: 9 infer/sec
    p50 latency: 106022 usec
    p90 latency: 110447 usec
    p95 latency: 112826 usec
    p99 latency: 117046 usec
    Avg HTTP time: 105720 usec (send 15627 usec + response wait 28059 usec + receive 62034 usec)
  Server: 
    Request count: 56
    Avg request latency: 19482 usec (overhead 14 usec + queue 47 usec + compute 19421 usec)

Request concurrency: 2
  Pass [1] throughput: 18 infer/sec. p95 latency: 120775 usec
  Pass [2] throughput: 18 infer/sec. p95 latency: 118508 usec
  Pass [3] throughput: 18 infer/sec. p95 latency: 117887 usec
  Client: 
    Request count: 90
    Throughput: 18 infer/sec
    p50 latency: 111178 usec
    p90 latency: 117372 usec
    p95 latency: 117887 usec
    p99 latency: 119974 usec
    Avg HTTP time: 111191 usec (send 13640 usec + response wait 34472 usec + receive 63079 usec)
  Server: 
    Request count: 106
    Avg request latency: 22641 usec (overhead 14 usec + queue 4723 usec + compute 17904 usec)

Inferences/Second vs. Client p95 Batch Latency
Concurrency: 1, 9 infer/sec, latency 112826 usec
Concurrency: 2, 18 infer/sec, latency 117887 usec
  % Total    % Received % Xferd  Average Speed   Time    Time     Time  Current
                                 Dload  Upload   Total   Spent    Left  Speed
  0     0    0     0    0     0      0      0 --:--:-- --:--:-- --:--:--     0100  4313  100  4313    0     0  1052k      0 --:--:-- --:--:-- --:--:-- 1052k
