*** Measurement Settings ***
  Batch size: 1
  Measurement window: 5000 msec
  Stabilizing using p95 latency

Request concurrency: 1
  Pass [1] throughput: 5105 infer/sec. p95 latency: 217 usec
  Pass [2] throughput: 4980 infer/sec. p95 latency: 229 usec
  Pass [3] throughput: 5009 infer/sec. p95 latency: 224 usec
  Client: 
    Request count: 25048
    Throughput: 5009 infer/sec
    p50 latency: 187 usec
    p90 latency: 215 usec
    p95 latency: 224 usec
    p99 latency: 269 usec
    Avg HTTP time: 162 usec (send 31 usec + response wait 128 usec + receive 3 usec)
  Server: 
    Request count: 30050
    Avg request latency: 26 usec (overhead 7 usec + queue 12 usec + compute 7 usec)

Inferences/Second vs. Client p95 Batch Latency
Concurrency: 1, 5009 infer/sec, latency 224 usec
  % Total    % Received % Xferd  Average Speed   Time    Time     Time  Current
                                 Dload  Upload   Total   Spent    Left  Speed
  0     0    0     0    0     0      0      0 --:--:-- --:--:-- --:--:--     0100  3455  100  3455    0     0   843k      0 --:--:-- --:--:-- --:--:--  843k
