*** Measurement Settings ***
  Batch size: 1
  Measurement window: 5000 msec
  Stabilizing using p95 latency

Request concurrency: 1
  Pass [1] throughput: 2193 infer/sec. p95 latency: 540 usec
  Pass [2] throughput: 2257 infer/sec. p95 latency: 530 usec
  Pass [3] throughput: 2223 infer/sec. p95 latency: 528 usec
  Client: 
    Request count: 11119
    Throughput: 2223 infer/sec
    p50 latency: 438 usec
    p90 latency: 506 usec
    p95 latency: 528 usec
    p99 latency: 581 usec
    Avg HTTP time: 403 usec (send 31 usec + response wait 369 usec + receive 3 usec)
  Server: 
    Request count: 13425
    Avg request latency: 239 usec (overhead 9 usec + queue 13 usec + compute 217 usec)

Inferences/Second vs. Client p95 Batch Latency
Concurrency: 1, 2223 infer/sec, latency 528 usec
  % Total    % Received % Xferd  Average Speed   Time    Time     Time  Current
                                 Dload  Upload   Total   Spent    Left  Speed
  0     0    0     0    0     0      0      0 --:--:-- --:--:-- --:--:--     0100  4334  100  4334    0     0   846k      0 --:--:-- --:--:-- --:--:--  846k
