*** Measurement Settings ***
  Batch size: 1
  Measurement window: 5000 msec
  Stabilizing using p95 latency

Request concurrency: 1
  Pass [1] throughput: 3937 infer/sec. p95 latency: 288 usec
  Pass [2] throughput: 3769 infer/sec. p95 latency: 320 usec
  Pass [3] throughput: 3815 infer/sec. p95 latency: 302 usec
  Pass [4] throughput: 3980 infer/sec. p95 latency: 272 usec
  Pass [5] throughput: 3893 infer/sec. p95 latency: 290 usec
  Pass [6] throughput: 3900 infer/sec. p95 latency: 281 usec
  Client: 
    Request count: 19503
    Throughput: 3900 infer/sec
    p50 latency: 241 usec
    p90 latency: 270 usec
    p95 latency: 281 usec
    p99 latency: 357 usec
    Avg HTTP time: 218 usec (send 30 usec + response wait 185 usec + receive 3 usec)
  Server: 
    Request count: 23523
    Avg request latency: 77 usec (overhead 8 usec + queue 11 usec + compute 58 usec)

Inferences/Second vs. Client p95 Batch Latency
Concurrency: 1, 3900 infer/sec, latency 281 usec
  % Total    % Received % Xferd  Average Speed   Time    Time     Time  Current
                                 Dload  Upload   Total   Spent    Left  Speed
  0     0    0     0    0     0      0      0 --:--:-- --:--:-- --:--:--     0100  4308  100  4308    0     0  1051k      0 --:--:-- --:--:-- --:--:-- 1051k
