*** Measurement Settings ***
  Batch size: 1
  Measurement window: 5000 msec
  Stabilizing using p95 latency

Request concurrency: 1
  Pass [1] throughput: 3549 infer/sec. p95 latency: 326 usec
  Pass [2] throughput: 3574 infer/sec. p95 latency: 338 usec
  Pass [3] throughput: 3755 infer/sec. p95 latency: 296 usec
  Pass [4] throughput: 3758 infer/sec. p95 latency: 312 usec
  Pass [5] throughput: 3708 infer/sec. p95 latency: 316 usec
  Client: 
    Request count: 18544
    Throughput: 3708 infer/sec
    p50 latency: 252 usec
    p90 latency: 282 usec
    p95 latency: 316 usec
    p99 latency: 401 usec
    Avg HTTP time: 234 usec (send 31 usec + response wait 200 usec + receive 3 usec)
  Server: 
    Request count: 22078
    Avg request latency: 87 usec (overhead 8 usec + queue 12 usec + compute 67 usec)

Inferences/Second vs. Client p95 Batch Latency
Concurrency: 1, 3708 infer/sec, latency 316 usec
  % Total    % Received % Xferd  Average Speed   Time    Time     Time  Current
                                 Dload  Upload   Total   Spent    Left  Speed
  0     0    0     0    0     0      0      0 --:--:-- --:--:-- --:--:--     0100  4277  100  4277    0     0  4176k      0 --:--:-- --:--:-- --:--:-- 4176k
