*** Measurement Settings ***
  Batch size: 1
  Measurement window: 5000 msec
  Stabilizing using p95 latency

Request concurrency: 1
  Pass [1] throughput: 2197 infer/sec. p95 latency: 536 usec
  Pass [2] throughput: 2202 infer/sec. p95 latency: 542 usec
  Pass [3] throughput: 2309 infer/sec. p95 latency: 512 usec
  Client: 
    Request count: 11548
    Throughput: 2309 infer/sec
    p50 latency: 419 usec
    p90 latency: 490 usec
    p95 latency: 512 usec
    p99 latency: 563 usec
    Avg HTTP time: 396 usec (send 31 usec + response wait 362 usec + receive 3 usec)
  Server: 
    Request count: 13683
    Avg request latency: 234 usec (overhead 9 usec + queue 12 usec + compute 213 usec)

Inferences/Second vs. Client p95 Batch Latency
Concurrency: 1, 2309 infer/sec, latency 512 usec
  % Total    % Received % Xferd  Average Speed   Time    Time     Time  Current
                                 Dload  Upload   Total   Spent    Left  Speed
  0     0    0     0    0     0      0      0 --:--:-- --:--:-- --:--:--     0100  4366  100  4366    0     0  1065k      0 --:--:-- --:--:-- --:--:-- 1065k
