*** Measurement Settings ***
  Batch size: 1
  Measurement window: 5000 msec
  Latency limit: 300 msec
  Concurrency limit: 2 concurrent requests
  Stabilizing using p95 latency

Request concurrency: 1
  Pass [1] throughput: 5659 infer/sec. p95 latency: 183 usec
  Pass [2] throughput: 5585 infer/sec. p95 latency: 180 usec
  Pass [3] throughput: 5574 infer/sec. p95 latency: 180 usec
  Client: 
    Request count: 27870
    Throughput: 5574 infer/sec
    p50 latency: 173 usec
    p90 latency: 176 usec
    p95 latency: 180 usec
    p99 latency: 204 usec
    Avg HTTP time: 140 usec (send 31 usec + response wait 106 usec + receive 3 usec)
  Server: 
    Request count: 33371
    Avg request latency: 51 usec (overhead 17 usec + queue 11 usec + compute 23 usec)

Request concurrency: 2
  Pass [1] throughput: 12130 infer/sec. p95 latency: 200 usec
  Pass [2] throughput: 12349 infer/sec. p95 latency: 177 usec
  Pass [3] throughput: 12068 infer/sec. p95 latency: 194 usec
  Pass [4] throughput: 12357 infer/sec. p95 latency: 188 usec
  Pass [5] throughput: 12189 infer/sec. p95 latency: 197 usec
  Client: 
    Request count: 60947
    Throughput: 12189 infer/sec
    p50 latency: 151 usec
    p90 latency: 173 usec
    p95 latency: 197 usec
    p99 latency: 239 usec
    Avg HTTP time: 129 usec (send 32 usec + response wait 94 usec + receive 3 usec)
  Server: 
    Request count: 73300
    Avg request latency: 38 usec (overhead 12 usec + queue 9 usec + compute 17 usec)

Inferences/Second vs. Client p95 Batch Latency
Concurrency: 1, 5574 infer/sec, latency 180 usec
Concurrency: 2, 12189 infer/sec, latency 197 usec
  % Total    % Received % Xferd  Average Speed   Time    Time     Time  Current
                                 Dload  Upload   Total   Spent    Left  Speed
  0     0    0     0    0     0      0      0 --:--:-- --:--:-- --:--:--     0100  3469  100  3469    0     0  3387k      0 --:--:-- --:--:-- --:--:-- 3387k
