*** Measurement Settings ***
  Batch size: 1
  Measurement window: 5000 msec
  Latency limit: 300 msec
  Concurrency limit: 2 concurrent requests
  Stabilizing using p95 latency

Request concurrency: 1
  Pass [1] throughput: 2291 infer/sec. p95 latency: 508 usec
  Pass [2] throughput: 2236 infer/sec. p95 latency: 531 usec
  Pass [3] throughput: 2278 infer/sec. p95 latency: 521 usec
  Client: 
    Request count: 11391
    Throughput: 2278 infer/sec
    p50 latency: 427 usec
    p90 latency: 497 usec
    p95 latency: 521 usec
    p99 latency: 566 usec
    Avg HTTP time: 396 usec (send 34 usec + response wait 359 usec + receive 3 usec)
  Server: 
    Request count: 13440
    Avg request latency: 283 usec (overhead 23 usec + queue 12 usec + compute 248 usec)

Request concurrency: 2
  Pass [1] throughput: 5304 infer/sec. p95 latency: 435 usec
  Pass [2] throughput: 5245 infer/sec. p95 latency: 444 usec
  Pass [3] throughput: 5346 infer/sec. p95 latency: 427 usec
  Client: 
    Request count: 26731
    Throughput: 5346 infer/sec
    p50 latency: 360 usec
    p90 latency: 409 usec
    p95 latency: 427 usec
    p99 latency: 483 usec
    Avg HTTP time: 334 usec (send 39 usec + response wait 291 usec + receive 4 usec)
  Server: 
    Request count: 32035
    Avg request latency: 217 usec (overhead 19 usec + queue 24 usec + compute 174 usec)

Inferences/Second vs. Client p95 Batch Latency
Concurrency: 1, 2278 infer/sec, latency 521 usec
Concurrency: 2, 5346 infer/sec, latency 427 usec
  % Total    % Received % Xferd  Average Speed   Time    Time     Time  Current
                                 Dload  Upload   Total   Spent    Left  Speed
  0     0    0     0    0     0      0      0 --:--:-- --:--:-- --:--:--     0100  4347  100  4347    0     0  1061k      0 --:--:-- --:--:-- --:--:-- 1061k
