*** Measurement Settings ***
  Batch size: 1
  Measurement window: 5000 msec
  Latency limit: 300 msec
  Concurrency limit: 2 concurrent requests
  Stabilizing using p95 latency

Request concurrency: 1
  Pass [1] throughput: 4519 infer/sec. p95 latency: 228 usec
  Pass [2] throughput: 4450 infer/sec. p95 latency: 246 usec
  Pass [3] throughput: 4368 infer/sec. p95 latency: 251 usec
  Pass [4] throughput: 4400 infer/sec. p95 latency: 250 usec
  Client: 
    Request count: 22000
    Throughput: 4400 infer/sec
    p50 latency: 215 usec
    p90 latency: 240 usec
    p95 latency: 250 usec
    p99 latency: 291 usec
    Avg HTTP time: 188 usec (send 31 usec + response wait 154 usec + receive 3 usec)
  Server: 
    Request count: 26532
    Avg request latency: 92 usec (overhead 18 usec + queue 11 usec + compute 63 usec)

Request concurrency: 2
  Pass [1] throughput: 10382 infer/sec. p95 latency: 226 usec
  Pass [2] throughput: 10106 infer/sec. p95 latency: 242 usec
  Pass [3] throughput: 10315 infer/sec. p95 latency: 230 usec
  Client: 
    Request count: 51579
    Throughput: 10315 infer/sec
    p50 latency: 178 usec
    p90 latency: 213 usec
    p95 latency: 230 usec
    p99 latency: 279 usec
    Avg HTTP time: 161 usec (send 33 usec + response wait 125 usec + receive 3 usec)
  Server: 
    Request count: 61387
    Avg request latency: 73 usec (overhead 14 usec + queue 13 usec + compute 46 usec)

Inferences/Second vs. Client p95 Batch Latency
Concurrency: 1, 4400 infer/sec, latency 250 usec
Concurrency: 2, 10315 infer/sec, latency 230 usec
  % Total    % Received % Xferd  Average Speed   Time    Time     Time  Current
                                 Dload  Upload   Total   Spent    Left  Speed
  0     0    0     0    0     0      0      0 --:--:-- --:--:-- --:--:--     0100  4277  100  4277    0     0   835k      0 --:--:-- --:--:-- --:--:--  835k
