*** Measurement Settings ***
  Batch size: 1
  Measurement window: 5000 msec
  Latency limit: 300 msec
  Concurrency limit: 2 concurrent requests
  Reporting 95-th percentile latency

Request concurrency: 1
  Pass [1] throughput: 2624 infer/sec. 95-th percentile latency: 458 usec
  Pass [2] throughput: 2581 infer/sec. 95-th percentile latency: 461 usec
  Pass [3] throughput: 2609 infer/sec. 95-th percentile latency: 457 usec
  Client: 
    Request count: 13048
    Throughput: 2609 infer/sec
    95-th percentile latency: 457 usec
    Avg HTTP time: 360 usec (send 30 usec + response wait 328 usec + receive 2 usec)
  Server: 
    Request count: 15623
    Avg request latency: 245 usec (overhead 29 usec + queue 11 usec + compute 205 usec)

Request concurrency: 2
  Pass [1] throughput: 5151 infer/sec. 95-th percentile latency: 443 usec
  Pass [2] throughput: 5014 infer/sec. 95-th percentile latency: 451 usec
  Pass [3] throughput: 5071 infer/sec. 95-th percentile latency: 443 usec
  Client: 
    Request count: 25357
    Throughput: 5071 infer/sec
    95-th percentile latency: 443 usec
    Avg HTTP time: 363 usec (send 42 usec + response wait 318 usec + receive 3 usec)
  Server: 
    Request count: 30293
    Avg request latency: 213 usec (overhead 27 usec + queue 17 usec + compute 169 usec)

Inferences/Second vs. Client 95-th Percentile Batch Latency
Concurrency: 1, 2609 infer/sec, latency 457 usec
Concurrency: 2, 5071 infer/sec, latency 443 usec
  % Total    % Received % Xferd  Average Speed   Time    Time     Time  Current
                                 Dload  Upload   Total   Spent    Left  Speed
  0     0    0     0    0     0      0      0 --:--:-- --:--:-- --:--:--     0100  4978  100  4978    0     0   991k      0 --:--:-- --:--:-- --:--:-- 1215k
