*** Measurement Settings ***
  Batch size: 1
  Measurement window: 5000 msec
  Latency limit: 300 msec
  Concurrency limit: 2 concurrent requests
  Reporting 95-th percentile latency

Request concurrency: 1
  Pass [1] throughput: 4551 infer/sec. 95-th percentile latency: 241 usec
  Pass [2] throughput: 4626 infer/sec. 95-th percentile latency: 229 usec
  Pass [3] throughput: 4678 infer/sec. 95-th percentile latency: 225 usec
  Client: 
    Request count: 23394
    Throughput: 4678 infer/sec
    95-th percentile latency: 225 usec
    Avg gRPC time: 207 usec (marshal 1 usec + response wait 205 usec + unmarshal 1 usec)
  Server: 
    Request count: 27952
    Avg request latency: 136 usec (overhead 10 usec + queue 8 usec + compute 118 usec)

Request concurrency: 2
  Pass [1] throughput: 9423 infer/sec. 95-th percentile latency: 225 usec
  Pass [2] throughput: 9000 infer/sec. 95-th percentile latency: 236 usec
  Pass [3] throughput: 9348 infer/sec. 95-th percentile latency: 228 usec
  Client: 
    Request count: 46743
    Throughput: 9348 infer/sec
    95-th percentile latency: 228 usec
    Avg gRPC time: 208 usec (marshal 1 usec + response wait 206 usec + unmarshal 1 usec)
  Server: 
    Request count: 55654
    Avg request latency: 143 usec (overhead 8 usec + queue 34 usec + compute 101 usec)

Inferences/Second vs. Client 95-th Percentile Batch Latency
Concurrency: 1, 4678 infer/sec, latency 225 usec
Concurrency: 2, 9348 infer/sec, latency 228 usec
  % Total    % Received % Xferd  Average Speed   Time    Time     Time  Current
                                 Dload  Upload   Total   Spent    Left  Speed
  0     0    0     0    0     0      0      0 --:--:-- --:--:-- --:--:--     0100  4946  100  4946    0     0   996k      0 --:--:-- --:--:-- --:--:-- 1207k
